2022-01-17 13:03:03,520:INFO:Training on GPU!
2022-01-17 13:03:03,520:INFO:Building transformer
2022-01-17 13:03:03,520:INFO:Building dataloaders
2022-01-17 13:03:03,564:INFO:Sending model to device
2022-01-17 13:03:04,550:INFO:Starting training
2022-01-17 13:03:58,281:INFO:Epoch: 1/50 Loss: 3.834 Val_loss: 3.821 Val_acc: 6.58 %
2022-01-17 13:04:51,793:INFO:Epoch: 2/50 Loss: 3.809 Val_loss: 3.802 Val_acc: 8.85 %
2022-01-17 13:05:44,951:INFO:Epoch: 3/50 Loss: 3.794 Val_loss: 3.787 Val_acc: 10.41 %
2022-01-17 13:06:38,168:INFO:Epoch: 4/50 Loss: 3.780 Val_loss: 3.773 Val_acc: 11.91 %
2022-01-17 13:07:31,403:INFO:Epoch: 5/50 Loss: 3.763 Val_loss: 3.756 Val_acc: 14.24 %
2022-01-17 13:08:24,745:INFO:Epoch: 6/50 Loss: 3.746 Val_loss: 3.737 Val_acc: 16.27 %
2022-01-17 13:09:17,906:INFO:Epoch: 7/50 Loss: 3.727 Val_loss: 3.719 Val_acc: 18.56 %
2022-01-17 13:10:11,119:INFO:Epoch: 8/50 Loss: 3.709 Val_loss: 3.702 Val_acc: 20.18 %
2022-01-17 13:11:04,359:INFO:Epoch: 9/50 Loss: 3.694 Val_loss: 3.686 Val_acc: 21.96 %
2022-01-17 13:11:57,709:INFO:Epoch: 10/50 Loss: 3.681 Val_loss: 3.676 Val_acc: 22.92 %
2022-01-17 13:12:51,030:INFO:Epoch: 11/50 Loss: 3.669 Val_loss: 3.663 Val_acc: 24.36 %
2022-01-17 13:13:44,740:INFO:Epoch: 12/50 Loss: 3.655 Val_loss: 3.651 Val_acc: 26.01 %
2022-01-17 13:14:38,628:INFO:Epoch: 13/50 Loss: 3.642 Val_loss: 3.639 Val_acc: 26.97 %
2022-01-17 13:15:32,652:INFO:Epoch: 14/50 Loss: 3.632 Val_loss: 3.628 Val_acc: 28.17 %
2022-01-17 13:16:25,413:INFO:Epoch: 15/50 Loss: 3.619 Val_loss: 3.614 Val_acc: 29.83 %
2022-01-17 13:17:18,155:INFO:Epoch: 16/50 Loss: 3.601 Val_loss: 3.597 Val_acc: 31.86 %
2022-01-17 13:18:10,809:INFO:Epoch: 17/50 Loss: 3.587 Val_loss: 3.584 Val_acc: 33.24 %
2022-01-17 13:19:03,952:INFO:Epoch: 18/50 Loss: 3.575 Val_loss: 3.571 Val_acc: 34.38 %
2022-01-17 13:19:57,159:INFO:Epoch: 19/50 Loss: 3.562 Val_loss: 3.556 Val_acc: 36.19 %
2022-01-17 13:20:50,387:INFO:Epoch: 20/50 Loss: 3.549 Val_loss: 3.545 Val_acc: 37.35 %
2022-01-17 13:21:43,583:INFO:Epoch: 21/50 Loss: 3.538 Val_loss: 3.537 Val_acc: 37.98 %
2022-01-17 13:22:36,907:INFO:Epoch: 22/50 Loss: 3.528 Val_loss: 3.524 Val_acc: 39.23 %
2022-01-17 13:23:30,077:INFO:Epoch: 23/50 Loss: 3.521 Val_loss: 3.515 Val_acc: 40.06 %
2022-01-17 13:24:23,138:INFO:Epoch: 24/50 Loss: 3.511 Val_loss: 3.510 Val_acc: 40.52 %
2022-01-17 13:25:16,029:INFO:Epoch: 25/50 Loss: 3.505 Val_loss: 3.500 Val_acc: 41.48 %
2022-01-17 13:26:08,841:INFO:Epoch: 26/50 Loss: 3.495 Val_loss: 3.497 Val_acc: 41.90 %
2022-01-17 13:27:01,665:INFO:Epoch: 27/50 Loss: 3.490 Val_loss: 3.483 Val_acc: 43.15 %
2022-01-17 13:27:54,526:INFO:Epoch: 28/50 Loss: 3.484 Val_loss: 3.482 Val_acc: 42.96 %
2022-01-17 13:28:47,543:INFO:Epoch: 29/50 Loss: 3.477 Val_loss: 3.476 Val_acc: 43.95 %
2022-01-17 13:29:40,407:INFO:Epoch: 30/50 Loss: 3.472 Val_loss: 3.469 Val_acc: 44.21 %
2022-01-17 13:30:33,278:INFO:Epoch: 31/50 Loss: 3.464 Val_loss: 3.462 Val_acc: 45.04 %
2022-01-17 13:31:25,952:INFO:Epoch: 32/50 Loss: 3.456 Val_loss: 3.454 Val_acc: 45.62 %
2022-01-17 13:32:18,715:INFO:Epoch: 33/50 Loss: 3.451 Val_loss: 3.447 Val_acc: 46.56 %
2022-01-17 13:33:11,530:INFO:Epoch: 34/50 Loss: 3.446 Val_loss: 3.446 Val_acc: 46.54 %
2022-01-17 13:34:04,369:INFO:Epoch: 35/50 Loss: 3.441 Val_loss: 3.446 Val_acc: 46.41 %
2022-01-17 13:34:56,721:INFO:Epoch: 36/50 Loss: 3.437 Val_loss: 3.439 Val_acc: 47.07 %
2022-01-17 13:35:48,961:INFO:Epoch: 37/50 Loss: 3.434 Val_loss: 3.431 Val_acc: 47.91 %
2022-01-17 13:36:41,077:INFO:Epoch: 38/50 Loss: 3.430 Val_loss: 3.431 Val_acc: 47.95 %
2022-01-17 13:37:33,921:INFO:Epoch: 39/50 Loss: 3.424 Val_loss: 3.425 Val_acc: 48.20 %
2022-01-17 13:38:26,787:INFO:Epoch: 40/50 Loss: 3.423 Val_loss: 3.425 Val_acc: 48.20 %
2022-01-17 13:39:19,670:INFO:Epoch: 41/50 Loss: 3.418 Val_loss: 3.421 Val_acc: 48.80 %
2022-01-17 13:40:12,472:INFO:Epoch: 42/50 Loss: 3.416 Val_loss: 3.414 Val_acc: 49.20 %
2022-01-17 13:41:05,262:INFO:Epoch: 43/50 Loss: 3.411 Val_loss: 3.415 Val_acc: 49.18 %
2022-01-17 13:41:58,049:INFO:Epoch: 44/50 Loss: 3.409 Val_loss: 3.406 Val_acc: 50.03 %
2022-01-17 13:42:50,766:INFO:Epoch: 45/50 Loss: 3.407 Val_loss: 3.407 Val_acc: 49.87 %
2022-01-17 13:43:43,532:INFO:Epoch: 46/50 Loss: 3.403 Val_loss: 3.407 Val_acc: 49.89 %
2022-01-17 13:44:36,412:INFO:Epoch: 47/50 Loss: 3.399 Val_loss: 3.402 Val_acc: 50.40 %
2022-01-17 13:45:29,324:INFO:Epoch: 48/50 Loss: 3.399 Val_loss: 3.398 Val_acc: 50.68 %
2022-01-17 13:46:22,082:INFO:Epoch: 49/50 Loss: 3.397 Val_loss: 3.400 Val_acc: 50.49 %
2022-01-17 13:47:14,949:INFO:Epoch: 50/50 Loss: 3.394 Val_loss: 3.396 Val_acc: 50.74 %
2022-01-17 13:47:15,751:INFO:Training complete
2022-01-17 13:47:15,751:INFO:Saving model for inference
2022-01-17 13:47:15,754:INFO:Saving model for further training
2022-01-17 13:47:15,756:INFO:Normal termination

ADAM lr 0.0001 weight_decay 1e-5