2022-01-17 12:11:44,562:INFO:Training on GPU!
2022-01-17 12:11:44,563:INFO:Building transformer
2022-01-17 12:11:44,563:INFO:Building dataloaders
2022-01-17 12:11:44,606:INFO:Sending model to device
2022-01-17 12:11:45,577:INFO:Starting training
2022-01-17 12:12:40,148:INFO:Epoch: 1/50 Loss: 3.782 Val_loss: 3.739 Val_acc: 15.38 %
2022-01-17 12:13:35,769:INFO:Epoch: 2/50 Loss: 3.678 Val_loss: 3.636 Val_acc: 26.24 %
2022-01-17 12:14:31,007:INFO:Epoch: 3/50 Loss: 3.615 Val_loss: 3.596 Val_acc: 30.14 %
2022-01-17 12:15:26,297:INFO:Epoch: 4/50 Loss: 3.587 Val_loss: 3.578 Val_acc: 31.63 %
2022-01-17 12:16:21,845:INFO:Epoch: 5/50 Loss: 3.568 Val_loss: 3.561 Val_acc: 33.38 %
2022-01-17 12:17:17,612:INFO:Epoch: 6/50 Loss: 3.557 Val_loss: 3.552 Val_acc: 34.21 %
2022-01-17 12:18:12,784:INFO:Epoch: 7/50 Loss: 3.549 Val_loss: 3.547 Val_acc: 34.51 %
2022-01-17 12:19:07,789:INFO:Epoch: 8/50 Loss: 3.543 Val_loss: 3.545 Val_acc: 34.78 %
2022-01-17 12:20:03,078:INFO:Epoch: 9/50 Loss: 3.538 Val_loss: 3.532 Val_acc: 36.01 %
2022-01-17 12:20:58,360:INFO:Epoch: 10/50 Loss: 3.534 Val_loss: 3.538 Val_acc: 35.31 %
2022-01-17 12:21:53,972:INFO:Epoch: 11/50 Loss: 3.531 Val_loss: 3.529 Val_acc: 36.37 %
2022-01-17 12:22:49,089:INFO:Epoch: 12/50 Loss: 3.528 Val_loss: 3.523 Val_acc: 36.89 %
2022-01-17 12:23:44,017:INFO:Epoch: 13/50 Loss: 3.525 Val_loss: 3.525 Val_acc: 36.72 %
2022-01-17 12:24:39,028:INFO:Epoch: 14/50 Loss: 3.525 Val_loss: 3.525 Val_acc: 36.59 %
2022-01-17 12:25:33,899:INFO:Epoch: 15/50 Loss: 3.522 Val_loss: 3.520 Val_acc: 37.20 %
2022-01-17 12:26:28,881:INFO:Epoch: 16/50 Loss: 3.520 Val_loss: 3.521 Val_acc: 37.26 %
2022-01-17 12:27:23,781:INFO:Epoch: 17/50 Loss: 3.517 Val_loss: 3.512 Val_acc: 38.28 %
2022-01-17 12:28:18,718:INFO:Epoch: 18/50 Loss: 3.504 Val_loss: 3.500 Val_acc: 39.24 %
2022-01-17 12:29:13,637:INFO:Epoch: 19/50 Loss: 3.501 Val_loss: 3.502 Val_acc: 39.01 %
2022-01-17 12:30:08,609:INFO:Epoch: 20/50 Loss: 3.499 Val_loss: 3.504 Val_acc: 38.82 %
2022-01-17 12:31:03,836:INFO:Epoch: 21/50 Loss: 3.497 Val_loss: 3.495 Val_acc: 39.82 %
2022-01-17 12:31:59,014:INFO:Epoch: 22/50 Loss: 3.497 Val_loss: 3.495 Val_acc: 39.72 %
2022-01-17 12:32:53,571:INFO:Epoch: 23/50 Loss: 3.495 Val_loss: 3.494 Val_acc: 40.02 %
2022-01-17 12:33:48,428:INFO:Epoch: 24/50 Loss: 3.494 Val_loss: 3.492 Val_acc: 39.91 %
2022-01-17 12:34:43,114:INFO:Epoch: 25/50 Loss: 3.493 Val_loss: 3.507 Val_acc: 38.63 %
2022-01-17 12:35:38,352:INFO:Epoch: 26/50 Loss: 3.492 Val_loss: 3.491 Val_acc: 40.21 %
2022-01-17 12:36:33,382:INFO:Epoch: 27/50 Loss: 3.492 Val_loss: 3.490 Val_acc: 40.14 %
2022-01-17 12:37:28,599:INFO:Epoch: 28/50 Loss: 3.491 Val_loss: 3.486 Val_acc: 40.54 %
2022-01-17 12:38:23,028:INFO:Epoch: 29/50 Loss: 3.490 Val_loss: 3.497 Val_acc: 39.49 %
2022-01-17 12:39:17,885:INFO:Epoch: 30/50 Loss: 3.490 Val_loss: 3.492 Val_acc: 39.96 %
2022-01-17 12:40:12,672:INFO:Epoch: 31/50 Loss: 3.482 Val_loss: 3.478 Val_acc: 41.56 %
2022-01-17 12:41:07,412:INFO:Epoch: 32/50 Loss: 3.475 Val_loss: 3.475 Val_acc: 41.79 %
2022-01-17 12:42:02,530:INFO:Epoch: 33/50 Loss: 3.474 Val_loss: 3.477 Val_acc: 41.60 %
2022-01-17 12:42:57,539:INFO:Epoch: 34/50 Loss: 3.472 Val_loss: 3.473 Val_acc: 42.02 %
2022-01-17 12:43:52,078:INFO:Epoch: 35/50 Loss: 3.471 Val_loss: 3.471 Val_acc: 42.09 %
2022-01-17 12:44:47,232:INFO:Epoch: 36/50 Loss: 3.471 Val_loss: 3.469 Val_acc: 42.39 %
2022-01-17 12:45:42,475:INFO:Epoch: 37/50 Loss: 3.469 Val_loss: 3.471 Val_acc: 42.16 %
2022-01-17 12:46:37,715:INFO:Epoch: 38/50 Loss: 3.469 Val_loss: 3.472 Val_acc: 42.20 %
2022-01-17 12:47:33,324:INFO:Epoch: 39/50 Loss: 3.470 Val_loss: 3.467 Val_acc: 42.48 %
2022-01-17 12:48:28,713:INFO:Epoch: 40/50 Loss: 3.468 Val_loss: 3.470 Val_acc: 42.26 %
2022-01-17 12:49:24,296:INFO:Epoch: 41/50 Loss: 3.468 Val_loss: 3.471 Val_acc: 42.14 %
2022-01-17 12:50:19,362:INFO:Epoch: 42/50 Loss: 3.468 Val_loss: 3.467 Val_acc: 42.41 %
2022-01-17 12:51:14,283:INFO:Epoch: 43/50 Loss: 3.467 Val_loss: 3.472 Val_acc: 41.97 %
2022-01-17 12:52:08,971:INFO:Epoch: 44/50 Loss: 3.466 Val_loss: 3.470 Val_acc: 42.40 %
2022-01-17 12:53:04,047:INFO:Epoch: 45/50 Loss: 3.467 Val_loss: 3.471 Val_acc: 42.19 %
2022-01-17 12:53:59,676:INFO:Epoch: 46/50 Loss: 3.466 Val_loss: 3.470 Val_acc: 42.32 %
2022-01-17 12:54:54,540:INFO:Epoch: 47/50 Loss: 3.466 Val_loss: 3.469 Val_acc: 42.47 %
2022-01-17 12:55:49,486:INFO:Epoch: 48/50 Loss: 3.464 Val_loss: 3.463 Val_acc: 42.90 %
2022-01-17 12:56:44,838:INFO:Epoch: 49/50 Loss: 3.464 Val_loss: 3.467 Val_acc: 42.80 %
2022-01-17 12:57:40,385:INFO:Epoch: 50/50 Loss: 3.465 Val_loss: 3.473 Val_acc: 41.87 %
2022-01-17 12:57:41,204:INFO:Training complete
2022-01-17 12:57:41,204:INFO:Saving model for inference
2022-01-17 12:57:41,207:INFO:Saving model for further training
2022-01-17 12:57:41,209:INFO:Normal termination
