2022-01-17 14:09:46,768:INFO:Training on GPU!
2022-01-17 14:09:46,768:INFO:Building transformer
2022-01-17 14:09:46,768:INFO:Building dataloaders
2022-01-17 14:09:46,813:INFO:Sending model to device
2022-01-17 14:09:47,808:INFO:Starting training
2022-01-17 14:10:41,227:INFO:Epoch: 1/50 Loss: 3.790 Val_loss: 3.737 Val_acc: 14.87 %
2022-01-17 14:11:34,324:INFO:Epoch: 2/50 Loss: 3.704 Val_loss: 3.671 Val_acc: 21.48 %
2022-01-17 14:12:27,181:INFO:Epoch: 3/50 Loss: 3.642 Val_loss: 3.615 Val_acc: 27.45 %
2022-01-17 14:13:20,085:INFO:Epoch: 4/50 Loss: 3.594 Val_loss: 3.579 Val_acc: 30.85 %
2022-01-17 14:14:13,001:INFO:Epoch: 5/50 Loss: 3.562 Val_loss: 3.562 Val_acc: 32.56 %
2022-01-17 14:15:06,653:INFO:Epoch: 6/50 Loss: 3.534 Val_loss: 3.530 Val_acc: 35.87 %
2022-01-17 14:15:59,517:INFO:Epoch: 7/50 Loss: 3.518 Val_loss: 3.506 Val_acc: 38.25 %
2022-01-17 14:16:52,510:INFO:Epoch: 8/50 Loss: 3.499 Val_loss: 3.490 Val_acc: 39.85 %
2022-01-17 14:17:45,344:INFO:Epoch: 9/50 Loss: 3.487 Val_loss: 3.489 Val_acc: 39.86 %
2022-01-17 14:18:38,885:INFO:Epoch: 10/50 Loss: 3.477 Val_loss: 3.479 Val_acc: 40.90 %
2022-01-17 14:19:32,634:INFO:Epoch: 11/50 Loss: 3.470 Val_loss: 3.470 Val_acc: 41.76 %
2022-01-17 14:20:26,278:INFO:Epoch: 12/50 Loss: 3.461 Val_loss: 3.465 Val_acc: 42.30 %
2022-01-17 14:21:19,995:INFO:Epoch: 13/50 Loss: 3.458 Val_loss: 3.450 Val_acc: 43.88 %
2022-01-17 14:22:13,686:INFO:Epoch: 14/50 Loss: 3.452 Val_loss: 3.445 Val_acc: 44.24 %
2022-01-17 14:23:07,301:INFO:Epoch: 15/50 Loss: 3.443 Val_loss: 3.456 Val_acc: 43.18 %
2022-01-17 14:24:00,994:INFO:Epoch: 16/50 Loss: 3.435 Val_loss: 3.435 Val_acc: 45.15 %
2022-01-17 14:24:54,641:INFO:Epoch: 17/50 Loss: 3.424 Val_loss: 3.423 Val_acc: 46.49 %
2022-01-17 14:25:48,205:INFO:Epoch: 18/50 Loss: 3.420 Val_loss: 3.434 Val_acc: 45.36 %
2022-01-17 14:26:41,365:INFO:Epoch: 19/50 Loss: 3.410 Val_loss: 3.408 Val_acc: 48.07 %
2022-01-17 14:27:34,273:INFO:Epoch: 20/50 Loss: 3.396 Val_loss: 3.421 Val_acc: 46.62 %
2022-01-17 14:28:27,119:INFO:Epoch: 21/50 Loss: 3.391 Val_loss: 3.384 Val_acc: 50.36 %
2022-01-17 14:29:19,710:INFO:Epoch: 22/50 Loss: 3.383 Val_loss: 3.383 Val_acc: 50.43 %
2022-01-17 14:30:12,014:INFO:Epoch: 23/50 Loss: 3.379 Val_loss: 3.385 Val_acc: 50.20 %
2022-01-17 14:31:04,331:INFO:Epoch: 24/50 Loss: 3.374 Val_loss: 3.373 Val_acc: 51.45 %
2022-01-17 14:31:56,623:INFO:Epoch: 25/50 Loss: 3.370 Val_loss: 3.368 Val_acc: 51.82 %
2022-01-17 14:32:48,827:INFO:Epoch: 26/50 Loss: 3.367 Val_loss: 3.367 Val_acc: 52.05 %
2022-01-17 14:33:41,700:INFO:Epoch: 27/50 Loss: 3.365 Val_loss: 3.362 Val_acc: 52.55 %
2022-01-17 14:34:34,491:INFO:Epoch: 28/50 Loss: 3.362 Val_loss: 3.363 Val_acc: 52.37 %
2022-01-17 14:35:27,097:INFO:Epoch: 29/50 Loss: 3.358 Val_loss: 3.357 Val_acc: 52.96 %
2022-01-17 14:36:19,759:INFO:Epoch: 30/50 Loss: 3.357 Val_loss: 3.359 Val_acc: 52.78 %
2022-01-17 14:37:12,200:INFO:Epoch: 31/50 Loss: 3.355 Val_loss: 3.363 Val_acc: 52.46 %
2022-01-17 14:38:04,055:INFO:Epoch: 32/50 Loss: 3.354 Val_loss: 3.358 Val_acc: 52.89 %
2022-01-17 14:38:55,924:INFO:Epoch: 33/50 Loss: 3.350 Val_loss: 3.347 Val_acc: 53.96 %
2022-01-17 14:39:47,743:INFO:Epoch: 34/50 Loss: 3.348 Val_loss: 3.351 Val_acc: 53.54 %
2022-01-17 14:40:40,218:INFO:Epoch: 35/50 Loss: 3.347 Val_loss: 3.352 Val_acc: 53.53 %
2022-01-17 14:41:32,775:INFO:Epoch: 36/50 Loss: 3.345 Val_loss: 3.346 Val_acc: 53.98 %
2022-01-17 14:42:25,233:INFO:Epoch: 37/50 Loss: 3.345 Val_loss: 3.341 Val_acc: 54.52 %
2022-01-17 14:43:17,703:INFO:Epoch: 38/50 Loss: 3.342 Val_loss: 3.346 Val_acc: 54.09 %
2022-01-17 14:44:09,590:INFO:Epoch: 39/50 Loss: 3.340 Val_loss: 3.342 Val_acc: 54.46 %
2022-01-17 14:45:01,431:INFO:Epoch: 40/50 Loss: 3.336 Val_loss: 3.335 Val_acc: 55.15 %
2022-01-17 14:45:53,264:INFO:Epoch: 41/50 Loss: 3.335 Val_loss: 3.337 Val_acc: 54.95 %
2022-01-17 14:46:45,102:INFO:Epoch: 42/50 Loss: 3.332 Val_loss: 3.347 Val_acc: 53.95 %
2022-01-17 14:47:36,847:INFO:Epoch: 43/50 Loss: 3.332 Val_loss: 3.348 Val_acc: 53.88 %
2022-01-17 14:48:28,663:INFO:Epoch: 44/50 Loss: 3.321 Val_loss: 3.334 Val_acc: 55.23 %
2022-01-17 14:49:20,407:INFO:Epoch: 45/50 Loss: 3.319 Val_loss: 3.322 Val_acc: 56.54 %
2022-01-17 14:50:12,048:INFO:Epoch: 46/50 Loss: 3.319 Val_loss: 3.317 Val_acc: 56.94 %
2022-01-17 14:51:03,868:INFO:Epoch: 47/50 Loss: 3.314 Val_loss: 3.335 Val_acc: 55.10 %
2022-01-17 14:51:55,749:INFO:Epoch: 48/50 Loss: 3.314 Val_loss: 3.320 Val_acc: 56.64 %
2022-01-17 14:52:47,577:INFO:Epoch: 49/50 Loss: 3.314 Val_loss: 3.321 Val_acc: 56.43 %
2022-01-17 14:53:39,458:INFO:Epoch: 50/50 Loss: 3.311 Val_loss: 3.312 Val_acc: 57.51 %
2022-01-17 14:53:40,249:INFO:Training complete
2022-01-17 14:53:40,249:INFO:Saving model for inference
2022-01-17 14:53:40,251:INFO:Saving model for further training
2022-01-17 14:53:40,254:INFO:Normal termination

Variant with ADAM 0.001 wd 1e-5