2022-01-17 11:23:41,858:INFO:Training on GPU!
2022-01-17 11:23:41,858:INFO:Building transformer
2022-01-17 11:23:41,858:INFO:Building dataloaders
2022-01-17 11:23:41,902:INFO:Sending model to device
2022-01-17 11:23:42,906:INFO:Starting training
2022-01-17 11:24:36,509:INFO:Epoch: 1/30 Loss: 3.835 Val_loss: 3.817 Val_acc: 7.45 %
2022-01-17 11:25:29,483:INFO:Epoch: 2/30 Loss: 3.807 Val_loss: 3.797 Val_acc: 9.53 %
2022-01-17 11:26:22,493:INFO:Epoch: 3/30 Loss: 3.790 Val_loss: 3.784 Val_acc: 10.66 %
2022-01-17 11:27:15,459:INFO:Epoch: 4/30 Loss: 3.775 Val_loss: 3.766 Val_acc: 13.43 %
2022-01-17 11:28:08,436:INFO:Epoch: 5/30 Loss: 3.756 Val_loss: 3.750 Val_acc: 14.85 %
2022-01-17 11:29:01,788:INFO:Epoch: 6/30 Loss: 3.738 Val_loss: 3.729 Val_acc: 17.56 %
2022-01-17 11:29:58,188:INFO:Epoch: 7/30 Loss: 3.722 Val_loss: 3.710 Val_acc: 19.64 %
2022-01-17 11:30:54,548:INFO:Epoch: 8/30 Loss: 3.704 Val_loss: 3.696 Val_acc: 21.57 %
2022-01-17 11:31:51,176:INFO:Epoch: 9/30 Loss: 3.688 Val_loss: 3.680 Val_acc: 22.90 %
2022-01-17 11:32:47,105:INFO:Epoch: 10/30 Loss: 3.674 Val_loss: 3.664 Val_acc: 24.79 %
2022-01-17 11:33:43,478:INFO:Epoch: 11/30 Loss: 3.658 Val_loss: 3.650 Val_acc: 26.32 %
2022-01-17 11:34:39,227:INFO:Epoch: 12/30 Loss: 3.642 Val_loss: 3.635 Val_acc: 28.21 %
2022-01-17 11:35:35,184:INFO:Epoch: 13/30 Loss: 3.628 Val_loss: 3.623 Val_acc: 29.44 %
2022-01-17 11:36:31,469:INFO:Epoch: 14/30 Loss: 3.616 Val_loss: 3.607 Val_acc: 30.76 %
2022-01-17 11:37:27,897:INFO:Epoch: 15/30 Loss: 3.600 Val_loss: 3.594 Val_acc: 32.27 %
2022-01-17 11:38:23,046:INFO:Epoch: 16/30 Loss: 3.587 Val_loss: 3.583 Val_acc: 33.50 %
2022-01-17 11:39:18,593:INFO:Epoch: 17/30 Loss: 3.575 Val_loss: 3.569 Val_acc: 34.96 %
2022-01-17 11:40:14,219:INFO:Epoch: 18/30 Loss: 3.562 Val_loss: 3.555 Val_acc: 36.35 %
2022-01-17 11:41:10,203:INFO:Epoch: 19/30 Loss: 3.549 Val_loss: 3.544 Val_acc: 37.53 %
2022-01-17 11:42:05,836:INFO:Epoch: 20/30 Loss: 3.537 Val_loss: 3.533 Val_acc: 38.18 %
2022-01-17 11:43:01,301:INFO:Epoch: 21/30 Loss: 3.526 Val_loss: 3.524 Val_acc: 39.61 %
2022-01-17 11:43:57,097:INFO:Epoch: 22/30 Loss: 3.517 Val_loss: 3.515 Val_acc: 40.32 %
2022-01-17 11:44:53,098:INFO:Epoch: 23/30 Loss: 3.508 Val_loss: 3.504 Val_acc: 41.29 %
2022-01-17 11:45:48,725:INFO:Epoch: 24/30 Loss: 3.497 Val_loss: 3.493 Val_acc: 42.56 %
2022-01-17 11:46:44,630:INFO:Epoch: 25/30 Loss: 3.488 Val_loss: 3.489 Val_acc: 42.83 %
2022-01-17 11:47:40,061:INFO:Epoch: 26/30 Loss: 3.478 Val_loss: 3.478 Val_acc: 44.01 %
2022-01-17 11:48:35,844:INFO:Epoch: 27/30 Loss: 3.470 Val_loss: 3.471 Val_acc: 44.60 %
2022-01-17 11:49:31,143:INFO:Epoch: 28/30 Loss: 3.465 Val_loss: 3.467 Val_acc: 44.69 %
2022-01-17 11:50:26,750:INFO:Epoch: 29/30 Loss: 3.458 Val_loss: 3.459 Val_acc: 45.68 %
2022-01-17 11:51:22,208:INFO:Epoch: 30/30 Loss: 3.452 Val_loss: 3.451 Val_acc: 46.36 %
2022-01-17 11:51:23,079:INFO:Training complete
2022-01-17 11:51:23,079:INFO:Saving model for inference
2022-01-17 11:51:23,081:INFO:Saving model for further training
2022-01-17 11:51:23,084:INFO:Normal termination
