2022-01-17 18:45:48,169:INFO:Training on GPU!
2022-01-17 18:45:48,170:INFO:Building transformer
2022-01-17 18:45:48,170:INFO:Building dataloaders
2022-01-17 18:45:48,232:INFO:Sending model to device
2022-01-17 18:45:49,246:INFO:Starting training
2022-01-17 18:46:27,688:INFO:Epoch: 1/100 Loss: 3.320 Val_loss: 3.261 Val_acc: 63.08 %
2022-01-17 18:47:06,506:INFO:Epoch: 2/100 Loss: 3.255 Val_loss: 3.253 Val_acc: 63.67 %
2022-01-17 18:47:44,968:INFO:Epoch: 3/100 Loss: 3.243 Val_loss: 3.247 Val_acc: 64.33 %
2022-01-17 18:48:23,694:INFO:Epoch: 4/100 Loss: 3.240 Val_loss: 3.239 Val_acc: 65.10 %
2022-01-17 18:49:02,331:INFO:Epoch: 5/100 Loss: 3.233 Val_loss: 3.238 Val_acc: 64.99 %
2022-01-17 18:49:41,180:INFO:Epoch: 6/100 Loss: 3.234 Val_loss: 3.232 Val_acc: 65.73 %
2022-01-17 18:50:19,763:INFO:Epoch: 7/100 Loss: 3.230 Val_loss: 3.233 Val_acc: 65.61 %
2022-01-17 18:50:58,500:INFO:Epoch: 8/100 Loss: 3.229 Val_loss: 3.227 Val_acc: 66.11 %
2022-01-17 18:51:36,614:INFO:Epoch: 9/100 Loss: 3.228 Val_loss: 3.228 Val_acc: 66.03 %
2022-01-17 18:52:14,859:INFO:Epoch: 10/100 Loss: 3.226 Val_loss: 3.233 Val_acc: 65.55 %
2022-01-17 18:52:53,147:INFO:Epoch: 11/100 Loss: 3.224 Val_loss: 3.222 Val_acc: 66.65 %
2022-01-17 18:53:31,338:INFO:Epoch: 12/100 Loss: 3.220 Val_loss: 3.224 Val_acc: 66.55 %
2022-01-17 18:54:09,468:INFO:Epoch: 13/100 Loss: 3.220 Val_loss: 3.233 Val_acc: 65.52 %
2022-01-17 18:54:47,674:INFO:Epoch: 14/100 Loss: 3.219 Val_loss: 3.220 Val_acc: 66.79 %
2022-01-17 18:55:26,023:INFO:Epoch: 15/100 Loss: 3.216 Val_loss: 3.222 Val_acc: 66.55 %
2022-01-17 18:56:04,014:INFO:Epoch: 16/100 Loss: 3.220 Val_loss: 3.228 Val_acc: 66.12 %
2022-01-17 18:56:41,926:INFO:Epoch: 17/100 Loss: 3.216 Val_loss: 3.215 Val_acc: 67.28 %
2022-01-17 18:57:19,733:INFO:Epoch: 18/100 Loss: 3.213 Val_loss: 3.218 Val_acc: 66.97 %
2022-01-17 18:57:57,489:INFO:Epoch: 19/100 Loss: 3.212 Val_loss: 3.218 Val_acc: 67.07 %
2022-01-17 18:58:35,442:INFO:Epoch: 20/100 Loss: 3.213 Val_loss: 3.223 Val_acc: 66.52 %
2022-01-17 18:59:13,728:INFO:Epoch: 21/100 Loss: 3.212 Val_loss: 3.218 Val_acc: 67.13 %
2022-01-17 18:59:52,201:INFO:Epoch: 22/100 Loss: 3.211 Val_loss: 3.213 Val_acc: 67.46 %
2022-01-17 19:00:30,486:INFO:Epoch: 23/100 Loss: 3.209 Val_loss: 3.216 Val_acc: 67.22 %
2022-01-17 19:01:08,624:INFO:Epoch: 24/100 Loss: 3.208 Val_loss: 3.212 Val_acc: 67.72 %
2022-01-17 19:01:46,385:INFO:Epoch: 25/100 Loss: 3.211 Val_loss: 3.216 Val_acc: 67.27 %
2022-01-17 19:02:24,529:INFO:Epoch: 26/100 Loss: 3.210 Val_loss: 3.215 Val_acc: 67.24 %
2022-01-17 19:03:03,006:INFO:Epoch: 27/100 Loss: 3.207 Val_loss: 3.213 Val_acc: 67.46 %
2022-01-17 19:03:40,881:INFO:Epoch: 28/100 Loss: 3.206 Val_loss: 3.212 Val_acc: 67.71 %
2022-01-17 19:04:18,843:INFO:Epoch: 29/100 Loss: 3.210 Val_loss: 3.207 Val_acc: 68.14 %
2022-01-17 19:04:56,581:INFO:Epoch: 30/100 Loss: 3.204 Val_loss: 3.207 Val_acc: 68.01 %
2022-01-17 19:05:34,564:INFO:Epoch: 31/100 Loss: 3.207 Val_loss: 3.206 Val_acc: 68.23 %
2022-01-17 19:06:14,435:INFO:Epoch: 32/100 Loss: 3.206 Val_loss: 3.216 Val_acc: 67.18 %
2022-01-17 19:06:52,457:INFO:Epoch: 33/100 Loss: 3.205 Val_loss: 3.204 Val_acc: 68.36 %
2022-01-17 19:07:30,397:INFO:Epoch: 34/100 Loss: 3.203 Val_loss: 3.213 Val_acc: 67.60 %
2022-01-17 19:08:08,295:INFO:Epoch: 35/100 Loss: 3.204 Val_loss: 3.211 Val_acc: 67.78 %
2022-01-17 19:08:46,218:INFO:Epoch: 36/100 Loss: 3.205 Val_loss: 3.209 Val_acc: 67.89 %
2022-01-17 19:09:24,212:INFO:Epoch: 37/100 Loss: 3.204 Val_loss: 3.212 Val_acc: 67.55 %
2022-01-17 19:10:02,257:INFO:Epoch: 38/100 Loss: 3.204 Val_loss: 3.203 Val_acc: 68.56 %
2022-01-17 19:10:40,054:INFO:Epoch: 39/100 Loss: 3.202 Val_loss: 3.207 Val_acc: 68.20 %
2022-01-17 19:11:18,141:INFO:Epoch: 40/100 Loss: 3.203 Val_loss: 3.205 Val_acc: 68.34 %
2022-01-17 19:11:56,133:INFO:Epoch: 41/100 Loss: 3.202 Val_loss: 3.217 Val_acc: 67.15 %
2022-01-17 19:12:33,915:INFO:Epoch: 42/100 Loss: 3.204 Val_loss: 3.214 Val_acc: 67.48 %
2022-01-17 19:13:11,706:INFO:Epoch: 43/100 Loss: 3.204 Val_loss: 3.205 Val_acc: 68.27 %
2022-01-17 19:13:49,841:INFO:Epoch: 44/100 Loss: 3.205 Val_loss: 3.209 Val_acc: 67.95 %
2022-01-17 19:14:27,760:INFO:Epoch: 45/100 Loss: 3.201 Val_loss: 3.213 Val_acc: 67.58 %
2022-01-17 19:15:05,686:INFO:Epoch: 46/100 Loss: 3.204 Val_loss: 3.205 Val_acc: 68.22 %
2022-01-17 19:15:43,571:INFO:Epoch: 47/100 Loss: 3.204 Val_loss: 3.208 Val_acc: 68.03 %
2022-01-17 19:16:21,577:INFO:Epoch: 48/100 Loss: 3.200 Val_loss: 3.203 Val_acc: 68.48 %
2022-01-17 19:16:59,445:INFO:Epoch: 49/100 Loss: 3.201 Val_loss: 3.205 Val_acc: 68.30 %
2022-01-17 19:17:37,277:INFO:Epoch: 50/100 Loss: 3.201 Val_loss: 3.210 Val_acc: 67.79 %
2022-01-17 19:18:15,187:INFO:Epoch: 51/100 Loss: 3.200 Val_loss: 3.202 Val_acc: 68.64 %
2022-01-17 19:18:53,032:INFO:Epoch: 52/100 Loss: 3.202 Val_loss: 3.207 Val_acc: 68.09 %
2022-01-17 19:19:31,034:INFO:Epoch: 53/100 Loss: 3.197 Val_loss: 3.203 Val_acc: 68.54 %
2022-01-17 19:20:08,857:INFO:Epoch: 54/100 Loss: 3.201 Val_loss: 3.220 Val_acc: 66.85 %
2022-01-17 19:20:46,827:INFO:Epoch: 55/100 Loss: 3.202 Val_loss: 3.203 Val_acc: 68.54 %
2022-01-17 19:21:24,540:INFO:Epoch: 56/100 Loss: 3.200 Val_loss: 3.206 Val_acc: 68.21 %
2022-01-17 19:22:02,539:INFO:Epoch: 57/100 Loss: 3.201 Val_loss: 3.206 Val_acc: 68.11 %
2022-01-17 19:22:40,554:INFO:Epoch: 58/100 Loss: 3.200 Val_loss: 3.213 Val_acc: 67.59 %
2022-01-17 19:23:18,374:INFO:Epoch: 59/100 Loss: 3.200 Val_loss: 3.201 Val_acc: 68.65 %
2022-01-17 19:23:56,339:INFO:Epoch: 60/100 Loss: 3.197 Val_loss: 3.204 Val_acc: 68.51 %
2022-01-17 19:24:34,267:INFO:Epoch: 61/100 Loss: 3.199 Val_loss: 3.202 Val_acc: 68.61 %
2022-01-17 19:25:12,265:INFO:Epoch: 62/100 Loss: 3.199 Val_loss: 3.211 Val_acc: 67.75 %
2022-01-17 19:25:50,269:INFO:Epoch: 63/100 Loss: 3.201 Val_loss: 3.206 Val_acc: 68.32 %
2022-01-17 19:26:28,068:INFO:Epoch: 64/100 Loss: 3.200 Val_loss: 3.203 Val_acc: 68.59 %
2022-01-17 19:27:05,979:INFO:Epoch: 65/100 Loss: 3.198 Val_loss: 3.201 Val_acc: 68.80 %
2022-01-17 19:27:43,914:INFO:Epoch: 66/100 Loss: 3.198 Val_loss: 3.210 Val_acc: 67.86 %
2022-01-17 19:28:21,884:INFO:Epoch: 67/100 Loss: 3.197 Val_loss: 3.207 Val_acc: 68.14 %
2022-01-17 19:28:59,915:INFO:Epoch: 68/100 Loss: 3.196 Val_loss: 3.202 Val_acc: 68.65 %
2022-01-17 19:29:37,840:INFO:Epoch: 69/100 Loss: 3.195 Val_loss: 3.201 Val_acc: 68.76 %
2022-01-17 19:30:15,988:INFO:Epoch: 70/100 Loss: 3.197 Val_loss: 3.198 Val_acc: 68.96 %
2022-01-17 19:30:54,041:INFO:Epoch: 71/100 Loss: 3.198 Val_loss: 3.200 Val_acc: 68.83 %
2022-01-17 19:31:31,888:INFO:Epoch: 72/100 Loss: 3.195 Val_loss: 3.209 Val_acc: 67.95 %
2022-01-17 19:32:09,671:INFO:Epoch: 73/100 Loss: 3.197 Val_loss: 3.203 Val_acc: 68.54 %
2022-01-17 19:32:47,727:INFO:Epoch: 74/100 Loss: 3.197 Val_loss: 3.200 Val_acc: 68.81 %
2022-01-17 19:33:25,575:INFO:Epoch: 75/100 Loss: 3.196 Val_loss: 3.198 Val_acc: 68.98 %
2022-01-17 19:34:03,329:INFO:Epoch: 76/100 Loss: 3.195 Val_loss: 3.202 Val_acc: 68.53 %
2022-01-17 19:34:41,205:INFO:Epoch: 77/100 Loss: 3.197 Val_loss: 3.206 Val_acc: 68.24 %
2022-01-17 19:35:19,051:INFO:Epoch: 78/100 Loss: 3.194 Val_loss: 3.202 Val_acc: 68.68 %
2022-01-17 19:35:56,995:INFO:Epoch: 79/100 Loss: 3.197 Val_loss: 3.202 Val_acc: 68.66 %
2022-01-17 19:36:35,024:INFO:Epoch: 80/100 Loss: 3.197 Val_loss: 3.201 Val_acc: 68.65 %
2022-01-17 19:37:13,052:INFO:Epoch: 81/100 Loss: 3.195 Val_loss: 3.205 Val_acc: 68.35 %
2022-01-17 19:37:50,963:INFO:Epoch: 82/100 Loss: 3.195 Val_loss: 3.206 Val_acc: 68.21 %
2022-01-17 19:38:29,095:INFO:Epoch: 83/100 Loss: 3.194 Val_loss: 3.195 Val_acc: 69.38 %
2022-01-17 19:39:07,118:INFO:Epoch: 84/100 Loss: 3.195 Val_loss: 3.202 Val_acc: 68.63 %
2022-01-17 19:39:45,167:INFO:Epoch: 85/100 Loss: 3.196 Val_loss: 3.203 Val_acc: 68.44 %
2022-01-17 19:40:23,105:INFO:Epoch: 86/100 Loss: 3.197 Val_loss: 3.202 Val_acc: 68.66 %
2022-01-17 19:41:01,105:INFO:Epoch: 87/100 Loss: 3.198 Val_loss: 3.198 Val_acc: 69.05 %
2022-01-17 19:41:39,026:INFO:Epoch: 88/100 Loss: 3.194 Val_loss: 3.207 Val_acc: 68.10 %
2022-01-17 19:42:16,765:INFO:Epoch: 89/100 Loss: 3.196 Val_loss: 3.202 Val_acc: 68.62 %
2022-01-17 19:42:54,648:INFO:Epoch: 90/100 Loss: 3.196 Val_loss: 3.199 Val_acc: 68.92 %
2022-01-17 19:43:32,547:INFO:Epoch: 91/100 Loss: 3.193 Val_loss: 3.200 Val_acc: 68.85 %
2022-01-17 19:44:10,410:INFO:Epoch: 92/100 Loss: 3.196 Val_loss: 3.194 Val_acc: 69.34 %
2022-01-17 19:44:48,376:INFO:Epoch: 93/100 Loss: 3.193 Val_loss: 3.203 Val_acc: 68.56 %
2022-01-17 19:45:26,336:INFO:Epoch: 94/100 Loss: 3.194 Val_loss: 3.204 Val_acc: 68.35 %
2022-01-17 19:46:04,008:INFO:Epoch: 95/100 Loss: 3.193 Val_loss: 3.204 Val_acc: 68.46 %
2022-01-17 19:46:42,115:INFO:Epoch: 96/100 Loss: 3.196 Val_loss: 3.199 Val_acc: 68.84 %
2022-01-17 19:47:20,143:INFO:Epoch: 97/100 Loss: 3.193 Val_loss: 3.201 Val_acc: 68.63 %
2022-01-17 19:47:58,028:INFO:Epoch: 98/100 Loss: 3.192 Val_loss: 3.201 Val_acc: 68.68 %
2022-01-17 19:48:35,961:INFO:Epoch: 99/100 Loss: 3.194 Val_loss: 3.202 Val_acc: 68.56 %
2022-01-17 19:49:13,959:INFO:Epoch: 100/100 Loss: 3.194 Val_loss: 3.202 Val_acc: 68.60 %
2022-01-17 19:49:14,812:INFO:Training complete
2022-01-17 19:49:14,812:INFO:Saving model for inference
2022-01-17 19:49:14,815:INFO:Saving model for further training
2022-01-17 19:49:14,817:INFO:Normal termination
