2022-01-17 16:29:16,183:INFO:Training on GPU!
2022-01-17 16:29:16,183:INFO:Building transformer
2022-01-17 16:29:16,184:INFO:Building dataloaders
2022-01-17 16:29:16,228:INFO:Sending model to device
2022-01-17 16:29:17,213:INFO:Starting training
2022-01-17 16:30:10,110:INFO:Epoch: 1/100 Loss: 3.790 Val_loss: 3.742 Val_acc: 14.34 %
2022-01-17 16:31:03,781:INFO:Epoch: 2/100 Loss: 3.700 Val_loss: 3.668 Val_acc: 22.12 %
2022-01-17 16:31:57,491:INFO:Epoch: 3/100 Loss: 3.644 Val_loss: 3.625 Val_acc: 26.41 %
2022-01-17 16:32:51,133:INFO:Epoch: 4/100 Loss: 3.606 Val_loss: 3.594 Val_acc: 29.29 %
2022-01-17 16:33:44,661:INFO:Epoch: 5/100 Loss: 3.582 Val_loss: 3.575 Val_acc: 31.23 %
2022-01-17 16:34:38,405:INFO:Epoch: 6/100 Loss: 3.562 Val_loss: 3.556 Val_acc: 33.20 %
2022-01-17 16:35:31,798:INFO:Epoch: 7/100 Loss: 3.549 Val_loss: 3.543 Val_acc: 34.45 %
2022-01-17 16:36:25,460:INFO:Epoch: 8/100 Loss: 3.535 Val_loss: 3.536 Val_acc: 34.97 %
2022-01-17 16:37:19,264:INFO:Epoch: 9/100 Loss: 3.522 Val_loss: 3.515 Val_acc: 37.30 %
2022-01-17 16:38:12,961:INFO:Epoch: 10/100 Loss: 3.511 Val_loss: 3.510 Val_acc: 37.71 %
2022-01-17 16:39:06,702:INFO:Epoch: 11/100 Loss: 3.505 Val_loss: 3.508 Val_acc: 38.01 %
2022-01-17 16:40:00,393:INFO:Epoch: 12/100 Loss: 3.499 Val_loss: 3.498 Val_acc: 38.98 %
2022-01-17 16:40:54,113:INFO:Epoch: 13/100 Loss: 3.493 Val_loss: 3.497 Val_acc: 39.02 %
2022-01-17 16:41:47,681:INFO:Epoch: 14/100 Loss: 3.480 Val_loss: 3.481 Val_acc: 40.55 %
2022-01-17 16:42:40,716:INFO:Epoch: 15/100 Loss: 3.468 Val_loss: 3.455 Val_acc: 43.27 %
2022-01-17 16:43:33,848:INFO:Epoch: 16/100 Loss: 3.455 Val_loss: 3.450 Val_acc: 43.64 %
2022-01-17 16:44:30,481:INFO:Epoch: 17/100 Loss: 3.449 Val_loss: 3.446 Val_acc: 44.21 %
2022-01-17 16:45:27,272:INFO:Epoch: 18/100 Loss: 3.443 Val_loss: 3.441 Val_acc: 44.65 %
2022-01-17 16:46:23,835:INFO:Epoch: 19/100 Loss: 3.438 Val_loss: 3.438 Val_acc: 44.89 %
2022-01-17 16:47:20,428:INFO:Epoch: 20/100 Loss: 3.423 Val_loss: 3.424 Val_acc: 46.35 %
2022-01-17 16:48:16,943:INFO:Epoch: 21/100 Loss: 3.415 Val_loss: 3.423 Val_acc: 46.41 %
2022-01-17 16:49:13,177:INFO:Epoch: 22/100 Loss: 3.412 Val_loss: 3.415 Val_acc: 47.21 %
2022-01-17 16:50:08,979:INFO:Epoch: 23/100 Loss: 3.407 Val_loss: 3.412 Val_acc: 47.46 %
2022-01-17 16:51:04,443:INFO:Epoch: 24/100 Loss: 3.402 Val_loss: 3.405 Val_acc: 48.14 %
2022-01-17 16:52:00,472:INFO:Epoch: 25/100 Loss: 3.396 Val_loss: 3.399 Val_acc: 48.74 %
2022-01-17 16:52:56,861:INFO:Epoch: 26/100 Loss: 3.387 Val_loss: 3.381 Val_acc: 50.55 %
2022-01-17 16:53:52,820:INFO:Epoch: 27/100 Loss: 3.383 Val_loss: 3.379 Val_acc: 50.79 %
2022-01-17 16:54:48,183:INFO:Epoch: 28/100 Loss: 3.371 Val_loss: 3.375 Val_acc: 51.16 %
2022-01-17 16:55:44,576:INFO:Epoch: 29/100 Loss: 3.366 Val_loss: 3.377 Val_acc: 51.03 %
2022-01-17 16:56:40,629:INFO:Epoch: 30/100 Loss: 3.364 Val_loss: 3.363 Val_acc: 52.36 %
2022-01-17 16:57:36,865:INFO:Epoch: 31/100 Loss: 3.361 Val_loss: 3.362 Val_acc: 52.52 %
2022-01-17 16:58:33,137:INFO:Epoch: 32/100 Loss: 3.362 Val_loss: 3.367 Val_acc: 51.96 %
2022-01-17 16:59:29,513:INFO:Epoch: 33/100 Loss: 3.357 Val_loss: 3.352 Val_acc: 53.52 %
2022-01-17 17:00:25,320:INFO:Epoch: 34/100 Loss: 3.355 Val_loss: 3.355 Val_acc: 53.16 %
2022-01-17 17:01:21,236:INFO:Epoch: 35/100 Loss: 3.355 Val_loss: 3.361 Val_acc: 52.53 %
2022-01-17 17:02:17,026:INFO:Epoch: 36/100 Loss: 3.354 Val_loss: 3.352 Val_acc: 53.47 %
2022-01-17 17:03:12,557:INFO:Epoch: 37/100 Loss: 3.350 Val_loss: 3.356 Val_acc: 53.09 %
2022-01-17 17:04:08,031:INFO:Epoch: 38/100 Loss: 3.349 Val_loss: 3.348 Val_acc: 53.92 %
2022-01-17 17:05:03,740:INFO:Epoch: 39/100 Loss: 3.350 Val_loss: 3.357 Val_acc: 52.92 %
2022-01-17 17:05:59,355:INFO:Epoch: 40/100 Loss: 3.349 Val_loss: 3.348 Val_acc: 53.93 %
2022-01-17 17:06:55,053:INFO:Epoch: 41/100 Loss: 3.344 Val_loss: 3.350 Val_acc: 53.60 %
2022-01-17 17:07:50,648:INFO:Epoch: 42/100 Loss: 3.345 Val_loss: 3.348 Val_acc: 53.85 %
2022-01-17 17:08:46,277:INFO:Epoch: 43/100 Loss: 3.343 Val_loss: 3.343 Val_acc: 54.43 %
2022-01-17 17:09:41,301:INFO:Epoch: 44/100 Loss: 3.345 Val_loss: 3.348 Val_acc: 53.87 %
2022-01-17 17:10:36,888:INFO:Epoch: 45/100 Loss: 3.343 Val_loss: 3.347 Val_acc: 53.88 %
2022-01-17 17:11:32,128:INFO:Epoch: 46/100 Loss: 3.342 Val_loss: 3.345 Val_acc: 54.16 %
2022-01-17 17:12:27,828:INFO:Epoch: 47/100 Loss: 3.340 Val_loss: 3.344 Val_acc: 54.28 %
2022-01-17 17:13:23,329:INFO:Epoch: 48/100 Loss: 3.340 Val_loss: 3.337 Val_acc: 55.04 %
2022-01-17 17:14:18,239:INFO:Epoch: 49/100 Loss: 3.339 Val_loss: 3.343 Val_acc: 54.26 %
2022-01-17 17:15:13,207:INFO:Epoch: 50/100 Loss: 3.340 Val_loss: 3.334 Val_acc: 55.22 %
2022-01-17 17:16:07,793:INFO:Epoch: 51/100 Loss: 3.337 Val_loss: 3.343 Val_acc: 54.36 %
2022-01-17 17:17:03,341:INFO:Epoch: 52/100 Loss: 3.339 Val_loss: 3.337 Val_acc: 54.97 %
2022-01-17 17:17:58,515:INFO:Epoch: 53/100 Loss: 3.336 Val_loss: 3.337 Val_acc: 55.03 %
2022-01-17 17:18:53,588:INFO:Epoch: 54/100 Loss: 3.336 Val_loss: 3.335 Val_acc: 55.13 %
2022-01-17 17:19:49,099:INFO:Epoch: 55/100 Loss: 3.334 Val_loss: 3.346 Val_acc: 54.04 %
2022-01-17 17:20:44,351:INFO:Epoch: 56/100 Loss: 3.332 Val_loss: 3.330 Val_acc: 55.60 %
2022-01-17 17:21:39,457:INFO:Epoch: 57/100 Loss: 3.333 Val_loss: 3.336 Val_acc: 54.98 %
2022-01-17 17:22:34,808:INFO:Epoch: 58/100 Loss: 3.331 Val_loss: 3.331 Val_acc: 55.51 %
2022-01-17 17:23:30,122:INFO:Epoch: 59/100 Loss: 3.329 Val_loss: 3.331 Val_acc: 55.47 %
2022-01-17 17:24:25,506:INFO:Epoch: 60/100 Loss: 3.329 Val_loss: 3.336 Val_acc: 54.98 %
2022-01-17 17:25:20,611:INFO:Epoch: 61/100 Loss: 3.330 Val_loss: 3.333 Val_acc: 55.33 %
2022-01-17 17:26:12,937:INFO:Epoch: 62/100 Loss: 3.328 Val_loss: 3.326 Val_acc: 56.06 %
2022-01-17 17:27:07,904:INFO:Epoch: 63/100 Loss: 3.329 Val_loss: 3.342 Val_acc: 54.43 %
2022-01-17 17:28:02,763:INFO:Epoch: 64/100 Loss: 3.328 Val_loss: 3.331 Val_acc: 55.47 %
2022-01-17 17:28:55,623:INFO:Epoch: 65/100 Loss: 3.330 Val_loss: 3.324 Val_acc: 56.20 %
2022-01-17 17:29:48,487:INFO:Epoch: 66/100 Loss: 3.328 Val_loss: 3.330 Val_acc: 55.63 %
2022-01-17 17:30:41,257:INFO:Epoch: 67/100 Loss: 3.330 Val_loss: 3.331 Val_acc: 55.48 %
2022-01-17 17:31:33,942:INFO:Epoch: 68/100 Loss: 3.328 Val_loss: 3.328 Val_acc: 55.80 %
2022-01-17 17:32:26,710:INFO:Epoch: 69/100 Loss: 3.325 Val_loss: 3.335 Val_acc: 55.19 %
2022-01-17 17:33:18,822:INFO:Epoch: 70/100 Loss: 3.325 Val_loss: 3.334 Val_acc: 55.16 %
2022-01-17 17:34:11,553:INFO:Epoch: 71/100 Loss: 3.325 Val_loss: 3.328 Val_acc: 55.84 %
2022-01-17 17:35:04,315:INFO:Epoch: 72/100 Loss: 3.317 Val_loss: 3.320 Val_acc: 56.61 %
2022-01-17 17:35:57,130:INFO:Epoch: 73/100 Loss: 3.313 Val_loss: 3.319 Val_acc: 56.75 %
2022-01-17 17:36:49,176:INFO:Epoch: 74/100 Loss: 3.315 Val_loss: 3.311 Val_acc: 57.51 %
2022-01-17 17:37:41,265:INFO:Epoch: 75/100 Loss: 3.309 Val_loss: 3.309 Val_acc: 57.69 %
2022-01-17 17:38:33,442:INFO:Epoch: 76/100 Loss: 3.311 Val_loss: 3.311 Val_acc: 57.55 %
2022-01-17 17:39:26,300:INFO:Epoch: 77/100 Loss: 3.308 Val_loss: 3.310 Val_acc: 57.64 %
2022-01-17 17:40:19,029:INFO:Epoch: 78/100 Loss: 3.307 Val_loss: 3.300 Val_acc: 58.61 %
2022-01-17 17:41:11,162:INFO:Epoch: 79/100 Loss: 3.296 Val_loss: 3.300 Val_acc: 58.55 %
2022-01-17 17:42:03,153:INFO:Epoch: 80/100 Loss: 3.296 Val_loss: 3.299 Val_acc: 58.72 %
2022-01-17 17:42:55,539:INFO:Epoch: 81/100 Loss: 3.297 Val_loss: 3.294 Val_acc: 59.22 %
2022-01-17 17:43:48,323:INFO:Epoch: 82/100 Loss: 3.295 Val_loss: 3.297 Val_acc: 58.92 %
2022-01-17 17:44:41,065:INFO:Epoch: 83/100 Loss: 3.297 Val_loss: 3.299 Val_acc: 58.71 %
2022-01-17 17:45:33,889:INFO:Epoch: 84/100 Loss: 3.294 Val_loss: 3.300 Val_acc: 58.69 %
2022-01-17 17:46:26,610:INFO:Epoch: 85/100 Loss: 3.295 Val_loss: 3.291 Val_acc: 59.49 %
2022-01-17 17:47:18,685:INFO:Epoch: 86/100 Loss: 3.289 Val_loss: 3.293 Val_acc: 59.30 %
2022-01-17 17:48:10,818:INFO:Epoch: 87/100 Loss: 3.291 Val_loss: 3.297 Val_acc: 58.88 %
2022-01-17 17:49:02,989:INFO:Epoch: 88/100 Loss: 3.292 Val_loss: 3.294 Val_acc: 59.30 %
2022-01-17 17:49:55,716:INFO:Epoch: 89/100 Loss: 3.290 Val_loss: 3.294 Val_acc: 59.23 %
2022-01-17 17:50:48,404:INFO:Epoch: 90/100 Loss: 3.290 Val_loss: 3.293 Val_acc: 59.22 %
2022-01-17 17:51:41,140:INFO:Epoch: 91/100 Loss: 3.289 Val_loss: 3.295 Val_acc: 59.11 %
2022-01-17 17:52:33,456:INFO:Epoch: 92/100 Loss: 3.290 Val_loss: 3.289 Val_acc: 59.74 %
2022-01-17 17:53:25,843:INFO:Epoch: 93/100 Loss: 3.288 Val_loss: 3.297 Val_acc: 58.93 %
2022-01-17 17:54:18,656:INFO:Epoch: 94/100 Loss: 3.289 Val_loss: 3.287 Val_acc: 59.92 %
2022-01-17 17:55:11,418:INFO:Epoch: 95/100 Loss: 3.289 Val_loss: 3.301 Val_acc: 58.44 %
2022-01-17 17:56:04,173:INFO:Epoch: 96/100 Loss: 3.289 Val_loss: 3.291 Val_acc: 59.48 %
2022-01-17 17:56:56,752:INFO:Epoch: 97/100 Loss: 3.292 Val_loss: 3.300 Val_acc: 58.54 %
2022-01-17 17:57:49,011:INFO:Epoch: 98/100 Loss: 3.289 Val_loss: 3.287 Val_acc: 59.96 %
2022-01-17 17:58:41,759:INFO:Epoch: 99/100 Loss: 3.288 Val_loss: 3.294 Val_acc: 59.10 %
2022-01-17 17:59:34,519:INFO:Epoch: 100/100 Loss: 3.285 Val_loss: 3.295 Val_acc: 59.10 %
2022-01-17 17:59:35,354:INFO:Training complete
2022-01-17 17:59:35,354:INFO:Saving model for inference
2022-01-17 17:59:35,356:INFO:Saving model for further training
2022-01-17 17:59:35,359:INFO:Normal termination
