2022-01-17 21:14:32,787:INFO:Training on GPU!
2022-01-17 21:14:32,788:INFO:Building transformer
2022-01-17 21:14:32,788:INFO:Building dataloaders
2022-01-17 21:14:32,911:INFO:Sending model to device
2022-01-17 21:14:33,889:INFO:Starting training
2022-01-17 21:15:24,965:INFO:Epoch: 1/100 Loss: 3.754 Val_loss: 3.655 Val_acc: 28.35 %
2022-01-17 21:16:15,960:INFO:Epoch: 2/100 Loss: 3.595 Val_loss: 3.542 Val_acc: 40.98 %
2022-01-17 21:17:07,298:INFO:Epoch: 3/100 Loss: 3.501 Val_loss: 3.468 Val_acc: 47.47 %
2022-01-17 21:17:58,553:INFO:Epoch: 4/100 Loss: 3.442 Val_loss: 3.417 Val_acc: 51.74 %
2022-01-17 21:18:49,745:INFO:Epoch: 5/100 Loss: 3.396 Val_loss: 3.381 Val_acc: 54.83 %
2022-01-17 21:19:41,028:INFO:Epoch: 6/100 Loss: 3.363 Val_loss: 3.343 Val_acc: 58.36 %
2022-01-17 21:20:31,739:INFO:Epoch: 7/100 Loss: 3.328 Val_loss: 3.319 Val_acc: 60.60 %
2022-01-17 21:21:22,566:INFO:Epoch: 8/100 Loss: 3.304 Val_loss: 3.295 Val_acc: 62.59 %
2022-01-17 21:22:13,781:INFO:Epoch: 9/100 Loss: 3.283 Val_loss: 3.274 Val_acc: 64.43 %
2022-01-17 21:23:04,642:INFO:Epoch: 10/100 Loss: 3.262 Val_loss: 3.252 Val_acc: 66.94 %
2022-01-17 21:23:55,997:INFO:Epoch: 11/100 Loss: 3.238 Val_loss: 3.235 Val_acc: 68.24 %
2022-01-17 21:24:47,073:INFO:Epoch: 12/100 Loss: 3.223 Val_loss: 3.220 Val_acc: 69.51 %
2022-01-17 21:25:37,988:INFO:Epoch: 13/100 Loss: 3.212 Val_loss: 3.210 Val_acc: 70.25 %
2022-01-17 21:26:28,288:INFO:Epoch: 14/100 Loss: 3.198 Val_loss: 3.196 Val_acc: 71.87 %
2022-01-17 21:27:19,016:INFO:Epoch: 15/100 Loss: 3.184 Val_loss: 3.183 Val_acc: 73.04 %
2022-01-17 21:28:10,250:INFO:Epoch: 16/100 Loss: 3.175 Val_loss: 3.177 Val_acc: 73.35 %
2022-01-17 21:29:01,487:INFO:Epoch: 17/100 Loss: 3.168 Val_loss: 3.171 Val_acc: 73.82 %
2022-01-17 21:29:52,199:INFO:Epoch: 18/100 Loss: 3.162 Val_loss: 3.163 Val_acc: 74.40 %
2022-01-17 21:30:43,494:INFO:Epoch: 19/100 Loss: 3.156 Val_loss: 3.158 Val_acc: 74.97 %
2022-01-17 21:31:34,665:INFO:Epoch: 20/100 Loss: 3.151 Val_loss: 3.155 Val_acc: 75.22 %
2022-01-17 21:32:25,697:INFO:Epoch: 21/100 Loss: 3.147 Val_loss: 3.151 Val_acc: 75.39 %
2022-01-17 21:33:16,544:INFO:Epoch: 22/100 Loss: 3.144 Val_loss: 3.145 Val_acc: 75.96 %
2022-01-17 21:34:07,173:INFO:Epoch: 23/100 Loss: 3.139 Val_loss: 3.145 Val_acc: 75.74 %
2022-01-17 21:34:57,650:INFO:Epoch: 24/100 Loss: 3.137 Val_loss: 3.141 Val_acc: 76.28 %
2022-01-17 21:35:48,192:INFO:Epoch: 25/100 Loss: 3.133 Val_loss: 3.138 Val_acc: 76.38 %
2022-01-17 21:36:38,943:INFO:Epoch: 26/100 Loss: 3.130 Val_loss: 3.135 Val_acc: 76.68 %
2022-01-17 21:37:36,150:INFO:Epoch: 27/100 Loss: 3.128 Val_loss: 3.134 Val_acc: 76.59 %
2022-01-17 21:38:27,493:INFO:Epoch: 28/100 Loss: 3.125 Val_loss: 3.132 Val_acc: 76.91 %
2022-01-17 21:39:18,954:INFO:Epoch: 29/100 Loss: 3.124 Val_loss: 3.130 Val_acc: 76.87 %
2022-01-17 21:40:10,627:INFO:Epoch: 30/100 Loss: 3.121 Val_loss: 3.128 Val_acc: 77.19 %
2022-01-17 21:41:02,280:INFO:Epoch: 31/100 Loss: 3.120 Val_loss: 3.126 Val_acc: 77.24 %
2022-01-17 21:41:53,731:INFO:Epoch: 32/100 Loss: 3.118 Val_loss: 3.124 Val_acc: 77.45 %
2022-01-17 21:42:45,602:INFO:Epoch: 33/100 Loss: 3.116 Val_loss: 3.124 Val_acc: 77.54 %
2022-01-17 21:43:35,028:INFO:Epoch: 34/100 Loss: 3.115 Val_loss: 3.122 Val_acc: 77.52 %
2022-01-17 21:44:26,705:INFO:Epoch: 35/100 Loss: 3.113 Val_loss: 3.119 Val_acc: 78.00 %
2022-01-17 21:45:17,877:INFO:Epoch: 36/100 Loss: 3.112 Val_loss: 3.120 Val_acc: 77.76 %
2022-01-17 21:46:09,201:INFO:Epoch: 37/100 Loss: 3.111 Val_loss: 3.119 Val_acc: 77.90 %
2022-01-17 21:47:00,560:INFO:Epoch: 38/100 Loss: 3.110 Val_loss: 3.118 Val_acc: 78.04 %
2022-01-17 21:47:52,297:INFO:Epoch: 39/100 Loss: 3.109 Val_loss: 3.117 Val_acc: 78.03 %
2022-01-17 21:48:43,570:INFO:Epoch: 40/100 Loss: 3.107 Val_loss: 3.114 Val_acc: 78.30 %
2022-01-17 21:49:35,212:INFO:Epoch: 41/100 Loss: 3.106 Val_loss: 3.115 Val_acc: 78.18 %
2022-01-17 21:50:26,493:INFO:Epoch: 42/100 Loss: 3.105 Val_loss: 3.113 Val_acc: 78.33 %
2022-01-17 21:51:17,594:INFO:Epoch: 43/100 Loss: 3.104 Val_loss: 3.113 Val_acc: 78.29 %
2022-01-17 21:52:08,589:INFO:Epoch: 44/100 Loss: 3.103 Val_loss: 3.111 Val_acc: 78.65 %
2022-01-17 21:52:58,769:INFO:Epoch: 45/100 Loss: 3.102 Val_loss: 3.112 Val_acc: 78.53 %
2022-01-17 21:53:50,365:INFO:Epoch: 46/100 Loss: 3.102 Val_loss: 3.109 Val_acc: 78.86 %
2022-01-17 21:54:41,611:INFO:Epoch: 47/100 Loss: 3.100 Val_loss: 3.111 Val_acc: 78.44 %
2022-01-17 21:55:33,141:INFO:Epoch: 48/100 Loss: 3.100 Val_loss: 3.108 Val_acc: 78.83 %
2022-01-17 21:56:24,809:INFO:Epoch: 49/100 Loss: 3.099 Val_loss: 3.108 Val_acc: 78.92 %
2022-01-17 21:57:16,611:INFO:Epoch: 50/100 Loss: 3.098 Val_loss: 3.107 Val_acc: 78.85 %
2022-01-17 21:58:04,520:INFO:Epoch: 51/100 Loss: 3.097 Val_loss: 3.107 Val_acc: 78.75 %
2022-01-17 21:58:52,296:INFO:Epoch: 52/100 Loss: 3.097 Val_loss: 3.107 Val_acc: 78.94 %
2022-01-17 21:59:40,249:INFO:Epoch: 53/100 Loss: 3.096 Val_loss: 3.105 Val_acc: 78.98 %
2022-01-17 22:00:28,171:INFO:Epoch: 54/100 Loss: 3.095 Val_loss: 3.105 Val_acc: 78.93 %
2022-01-17 22:01:15,406:INFO:Epoch: 55/100 Loss: 3.094 Val_loss: 3.104 Val_acc: 79.11 %
2022-01-17 22:02:02,847:INFO:Epoch: 56/100 Loss: 3.094 Val_loss: 3.104 Val_acc: 79.15 %
2022-01-17 22:02:50,194:INFO:Epoch: 57/100 Loss: 3.093 Val_loss: 3.103 Val_acc: 79.22 %
2022-01-17 22:03:37,558:INFO:Epoch: 58/100 Loss: 3.092 Val_loss: 3.102 Val_acc: 79.22 %
2022-01-17 22:04:24,886:INFO:Epoch: 59/100 Loss: 3.092 Val_loss: 3.102 Val_acc: 79.08 %
2022-01-17 22:05:12,360:INFO:Epoch: 60/100 Loss: 3.091 Val_loss: 3.101 Val_acc: 79.31 %
2022-01-17 22:05:59,734:INFO:Epoch: 61/100 Loss: 3.091 Val_loss: 3.101 Val_acc: 79.53 %
2022-01-17 22:06:47,005:INFO:Epoch: 62/100 Loss: 3.090 Val_loss: 3.103 Val_acc: 79.12 %
2022-01-17 22:07:34,875:INFO:Epoch: 63/100 Loss: 3.090 Val_loss: 3.100 Val_acc: 79.55 %
2022-01-17 22:08:22,794:INFO:Epoch: 64/100 Loss: 3.090 Val_loss: 3.098 Val_acc: 79.56 %
2022-01-17 22:09:10,012:INFO:Epoch: 65/100 Loss: 3.089 Val_loss: 3.098 Val_acc: 79.53 %
2022-01-17 22:09:57,336:INFO:Epoch: 66/100 Loss: 3.088 Val_loss: 3.099 Val_acc: 79.53 %
2022-01-17 22:10:45,166:INFO:Epoch: 67/100 Loss: 3.087 Val_loss: 3.098 Val_acc: 79.60 %
2022-01-17 22:11:33,047:INFO:Epoch: 68/100 Loss: 3.088 Val_loss: 3.098 Val_acc: 79.55 %
2022-01-17 22:12:21,007:INFO:Epoch: 69/100 Loss: 3.086 Val_loss: 3.098 Val_acc: 79.70 %
2022-01-17 22:13:08,474:INFO:Epoch: 70/100 Loss: 3.087 Val_loss: 3.097 Val_acc: 79.73 %
2022-01-17 22:13:55,873:INFO:Epoch: 71/100 Loss: 3.086 Val_loss: 3.098 Val_acc: 79.66 %
2022-01-17 22:14:43,279:INFO:Epoch: 72/100 Loss: 3.085 Val_loss: 3.097 Val_acc: 79.63 %
2022-01-17 22:15:31,093:INFO:Epoch: 73/100 Loss: 3.085 Val_loss: 3.097 Val_acc: 79.68 %
2022-01-17 22:16:19,008:INFO:Epoch: 74/100 Loss: 3.086 Val_loss: 3.095 Val_acc: 79.87 %
2022-01-17 22:17:06,866:INFO:Epoch: 75/100 Loss: 3.085 Val_loss: 3.095 Val_acc: 79.79 %
2022-01-17 22:17:54,729:INFO:Epoch: 76/100 Loss: 3.084 Val_loss: 3.094 Val_acc: 79.91 %
2022-01-17 22:18:42,525:INFO:Epoch: 77/100 Loss: 3.083 Val_loss: 3.096 Val_acc: 79.84 %
2022-01-17 22:19:30,314:INFO:Epoch: 78/100 Loss: 3.083 Val_loss: 3.095 Val_acc: 79.83 %
2022-01-17 22:20:18,218:INFO:Epoch: 79/100 Loss: 3.083 Val_loss: 3.093 Val_acc: 80.09 %
2022-01-17 22:21:06,138:INFO:Epoch: 80/100 Loss: 3.083 Val_loss: 3.094 Val_acc: 79.88 %
2022-01-17 22:21:54,028:INFO:Epoch: 81/100 Loss: 3.082 Val_loss: 3.092 Val_acc: 80.01 %
2022-01-17 22:22:41,343:INFO:Epoch: 82/100 Loss: 3.083 Val_loss: 3.094 Val_acc: 79.91 %
2022-01-17 22:23:28,616:INFO:Epoch: 83/100 Loss: 3.081 Val_loss: 3.092 Val_acc: 80.15 %
2022-01-17 22:24:15,827:INFO:Epoch: 84/100 Loss: 3.081 Val_loss: 3.095 Val_acc: 79.77 %
2022-01-17 22:25:03,623:INFO:Epoch: 85/100 Loss: 3.081 Val_loss: 3.095 Val_acc: 79.87 %
2022-01-17 22:25:51,442:INFO:Epoch: 86/100 Loss: 3.080 Val_loss: 3.092 Val_acc: 80.00 %
2022-01-17 22:26:39,234:INFO:Epoch: 87/100 Loss: 3.080 Val_loss: 3.093 Val_acc: 79.91 %
2022-01-17 22:27:27,129:INFO:Epoch: 88/100 Loss: 3.080 Val_loss: 3.092 Val_acc: 80.11 %
2022-01-17 22:28:15,068:INFO:Epoch: 89/100 Loss: 3.080 Val_loss: 3.092 Val_acc: 80.06 %
2022-01-17 22:29:02,928:INFO:Epoch: 90/100 Loss: 3.079 Val_loss: 3.093 Val_acc: 79.96 %
2022-01-17 22:29:50,849:INFO:Epoch: 91/100 Loss: 3.079 Val_loss: 3.090 Val_acc: 80.30 %
2022-01-17 22:30:38,764:INFO:Epoch: 92/100 Loss: 3.078 Val_loss: 3.091 Val_acc: 80.24 %
2022-01-17 22:31:26,693:INFO:Epoch: 93/100 Loss: 3.078 Val_loss: 3.092 Val_acc: 80.02 %
2022-01-17 22:32:14,640:INFO:Epoch: 94/100 Loss: 3.078 Val_loss: 3.090 Val_acc: 80.30 %
2022-01-17 22:33:02,475:INFO:Epoch: 95/100 Loss: 3.078 Val_loss: 3.089 Val_acc: 80.45 %
2022-01-17 22:33:50,453:INFO:Epoch: 96/100 Loss: 3.078 Val_loss: 3.090 Val_acc: 80.17 %
2022-01-17 22:34:38,341:INFO:Epoch: 97/100 Loss: 3.078 Val_loss: 3.090 Val_acc: 80.13 %
2022-01-17 22:35:26,147:INFO:Epoch: 98/100 Loss: 3.077 Val_loss: 3.090 Val_acc: 80.18 %
2022-01-17 22:36:14,039:INFO:Epoch: 99/100 Loss: 3.077 Val_loss: 3.090 Val_acc: 80.22 %
2022-01-17 22:37:01,939:INFO:Epoch: 100/100 Loss: 3.076 Val_loss: 3.089 Val_acc: 80.56 %
2022-01-17 22:37:02,781:INFO:Training complete
2022-01-17 22:37:02,781:INFO:Saving model for inference
2022-01-17 22:37:02,784:INFO:Saving model for further training
2022-01-17 22:37:02,786:INFO:Normal termination
