2022-01-17 20:34:22,836:INFO:Training on GPU!
2022-01-17 20:34:22,836:INFO:Building transformer
2022-01-17 20:34:22,837:INFO:Building dataloaders
2022-01-17 20:34:22,950:INFO:Sending model to device
2022-01-17 20:34:23,939:INFO:Starting training
2022-01-17 20:35:12,284:INFO:Epoch: 1/100 Loss: 3.471 Val_loss: 3.324 Val_acc: 58.41 %
2022-01-17 20:36:01,251:INFO:Epoch: 2/100 Loss: 3.278 Val_loss: 3.259 Val_acc: 64.09 %
2022-01-17 20:36:50,235:INFO:Epoch: 3/100 Loss: 3.234 Val_loss: 3.224 Val_acc: 67.07 %
2022-01-17 20:37:39,257:INFO:Epoch: 4/100 Loss: 3.215 Val_loss: 3.213 Val_acc: 68.11 %
2022-01-17 20:38:28,308:INFO:Epoch: 5/100 Loss: 3.204 Val_loss: 3.207 Val_acc: 68.47 %
2022-01-17 20:39:16,976:INFO:Epoch: 6/100 Loss: 3.197 Val_loss: 3.205 Val_acc: 68.63 %
2022-01-17 20:40:06,122:INFO:Epoch: 7/100 Loss: 3.193 Val_loss: 3.195 Val_acc: 69.57 %
2022-01-17 20:40:55,315:INFO:Epoch: 8/100 Loss: 3.189 Val_loss: 3.195 Val_acc: 69.57 %
2022-01-17 20:41:44,531:INFO:Epoch: 9/100 Loss: 3.186 Val_loss: 3.192 Val_acc: 69.82 %
2022-01-17 20:42:32,993:INFO:Epoch: 10/100 Loss: 3.184 Val_loss: 3.190 Val_acc: 69.97 %
2022-01-17 20:43:21,049:INFO:Epoch: 11/100 Loss: 3.182 Val_loss: 3.188 Val_acc: 70.15 %
2022-01-17 20:44:08,807:INFO:Epoch: 12/100 Loss: 3.180 Val_loss: 3.187 Val_acc: 70.30 %
2022-01-17 20:44:56,681:INFO:Epoch: 13/100 Loss: 3.178 Val_loss: 3.187 Val_acc: 70.30 %
2022-01-17 20:45:44,586:INFO:Epoch: 14/100 Loss: 3.178 Val_loss: 3.186 Val_acc: 70.35 %
2022-01-17 20:46:32,383:INFO:Epoch: 15/100 Loss: 3.177 Val_loss: 3.183 Val_acc: 70.60 %
2022-01-17 20:47:20,833:INFO:Epoch: 16/100 Loss: 3.175 Val_loss: 3.184 Val_acc: 70.47 %
2022-01-17 20:48:09,517:INFO:Epoch: 17/100 Loss: 3.175 Val_loss: 3.181 Val_acc: 70.82 %
2022-01-17 20:48:58,047:INFO:Epoch: 18/100 Loss: 3.173 Val_loss: 3.182 Val_acc: 70.71 %
2022-01-17 20:49:46,649:INFO:Epoch: 19/100 Loss: 3.173 Val_loss: 3.182 Val_acc: 70.69 %
2022-01-17 20:50:35,268:INFO:Epoch: 20/100 Loss: 3.172 Val_loss: 3.177 Val_acc: 71.16 %
2022-01-17 20:51:23,516:INFO:Epoch: 21/100 Loss: 3.171 Val_loss: 3.181 Val_acc: 70.79 %
2022-01-17 20:52:11,615:INFO:Epoch: 22/100 Loss: 3.171 Val_loss: 3.177 Val_acc: 71.17 %
2022-01-17 20:52:59,057:INFO:Epoch: 23/100 Loss: 3.170 Val_loss: 3.176 Val_acc: 71.23 %
2022-01-17 20:53:46,392:INFO:Epoch: 24/100 Loss: 3.170 Val_loss: 3.180 Val_acc: 70.80 %
2022-01-17 20:54:33,723:INFO:Epoch: 25/100 Loss: 3.169 Val_loss: 3.176 Val_acc: 71.27 %
2022-01-17 20:55:21,041:INFO:Epoch: 26/100 Loss: 3.168 Val_loss: 3.177 Val_acc: 71.06 %
2022-01-17 20:56:08,322:INFO:Epoch: 27/100 Loss: 3.168 Val_loss: 3.177 Val_acc: 71.12 %
2022-01-17 20:56:55,635:INFO:Epoch: 28/100 Loss: 3.167 Val_loss: 3.176 Val_acc: 71.30 %
2022-01-17 20:57:43,710:INFO:Epoch: 29/100 Loss: 3.167 Val_loss: 3.177 Val_acc: 71.13 %
2022-01-17 20:58:31,799:INFO:Epoch: 30/100 Loss: 3.167 Val_loss: 3.176 Val_acc: 71.29 %
2022-01-17 20:59:19,825:INFO:Epoch: 31/100 Loss: 3.166 Val_loss: 3.174 Val_acc: 71.31 %
2022-01-17 21:00:07,939:INFO:Epoch: 32/100 Loss: 3.166 Val_loss: 3.175 Val_acc: 71.35 %
2022-01-17 21:00:56,042:INFO:Epoch: 33/100 Loss: 3.165 Val_loss: 3.174 Val_acc: 71.50 %
2022-01-17 21:01:44,138:INFO:Epoch: 34/100 Loss: 3.166 Val_loss: 3.175 Val_acc: 71.31 %
2022-01-17 21:02:32,226:INFO:Epoch: 35/100 Loss: 3.165 Val_loss: 3.174 Val_acc: 71.40 %
2022-01-17 21:03:20,268:INFO:Epoch: 36/100 Loss: 3.164 Val_loss: 3.171 Val_acc: 71.70 %
2022-01-17 21:04:08,281:INFO:Epoch: 37/100 Loss: 3.164 Val_loss: 3.172 Val_acc: 71.62 %
2022-01-17 21:04:56,409:INFO:Epoch: 38/100 Loss: 3.163 Val_loss: 3.174 Val_acc: 71.44 %
2022-01-17 21:05:44,528:INFO:Epoch: 39/100 Loss: 3.164 Val_loss: 3.170 Val_acc: 71.76 %
2022-01-17 21:06:32,283:INFO:Epoch: 40/100 Loss: 3.163 Val_loss: 3.172 Val_acc: 71.60 %
2022-01-17 21:07:20,233:INFO:Epoch: 41/100 Loss: 3.163 Val_loss: 3.173 Val_acc: 71.59 %
2022-01-17 21:08:08,190:INFO:Epoch: 42/100 Loss: 3.162 Val_loss: 3.173 Val_acc: 71.49 %
2022-01-17 21:08:56,315:INFO:Epoch: 43/100 Loss: 3.162 Val_loss: 3.173 Val_acc: 71.46 %
2022-01-17 21:09:44,369:INFO:Epoch: 44/100 Loss: 3.162 Val_loss: 3.172 Val_acc: 71.64 %
2022-01-17 21:10:32,000:INFO:Epoch: 45/100 Loss: 3.162 Val_loss: 3.171 Val_acc: 71.73 %
2022-01-17 21:11:19,382:INFO:Epoch: 46/100 Loss: 3.161 Val_loss: 3.172 Val_acc: 71.64 %
2022-01-17 21:12:06,770:INFO:Epoch: 47/100 Loss: 3.161 Val_loss: 3.170 Val_acc: 71.82 %
2022-01-17 21:12:54,236:INFO:Epoch: 48/100 Loss: 3.161 Val_loss: 3.169 Val_acc: 71.86 %
2022-01-17 21:13:41,913:INFO:Epoch: 49/100 Loss: 3.161 Val_loss: 3.171 Val_acc: 71.79 %
2022-01-17 21:14:29,337:INFO:Epoch: 50/100 Loss: 3.161 Val_loss: 3.173 Val_acc: 71.49 %
2022-01-17 21:15:19,877:INFO:Epoch: 51/100 Loss: 3.160 Val_loss: 3.172 Val_acc: 71.72 %
2022-01-17 21:16:10,963:INFO:Epoch: 52/100 Loss: 3.161 Val_loss: 3.170 Val_acc: 71.80 %
2022-01-17 21:17:02,128:INFO:Epoch: 53/100 Loss: 3.159 Val_loss: 3.171 Val_acc: 71.66 %
2022-01-17 21:17:53,109:INFO:Epoch: 54/100 Loss: 3.160 Val_loss: 3.169 Val_acc: 71.99 %
2022-01-17 21:18:43,994:INFO:Epoch: 55/100 Loss: 3.160 Val_loss: 3.173 Val_acc: 71.49 %
2022-01-17 21:19:35,281:INFO:Epoch: 56/100 Loss: 3.160 Val_loss: 3.172 Val_acc: 71.70 %
2022-01-17 21:20:25,707:INFO:Epoch: 57/100 Loss: 3.160 Val_loss: 3.169 Val_acc: 71.93 %
2022-01-17 21:21:16,349:INFO:Epoch: 58/100 Loss: 3.160 Val_loss: 3.172 Val_acc: 71.60 %
2022-01-17 21:22:07,270:INFO:Epoch: 59/100 Loss: 3.159 Val_loss: 3.170 Val_acc: 71.79 %
2022-01-17 21:22:57,969:INFO:Epoch: 60/100 Loss: 3.159 Val_loss: 3.170 Val_acc: 71.84 %
2022-01-17 21:23:48,943:INFO:Epoch: 61/100 Loss: 3.158 Val_loss: 3.170 Val_acc: 71.82 %
2022-01-17 21:24:39,731:INFO:Epoch: 62/100 Loss: 3.159 Val_loss: 3.169 Val_acc: 71.99 %
2022-01-17 21:25:30,426:INFO:Epoch: 63/100 Loss: 3.159 Val_loss: 3.168 Val_acc: 72.18 %
2022-01-17 21:26:20,416:INFO:Epoch: 64/100 Loss: 3.159 Val_loss: 3.169 Val_acc: 71.82 %
2022-01-17 21:27:11,143:INFO:Epoch: 65/100 Loss: 3.158 Val_loss: 3.169 Val_acc: 71.93 %
2022-01-17 21:28:02,212:INFO:Epoch: 66/100 Loss: 3.158 Val_loss: 3.169 Val_acc: 71.96 %
2022-01-17 21:28:53,343:INFO:Epoch: 67/100 Loss: 3.157 Val_loss: 3.169 Val_acc: 71.92 %
2022-01-17 21:29:44,129:INFO:Epoch: 68/100 Loss: 3.158 Val_loss: 3.168 Val_acc: 72.03 %
2022-01-17 21:30:35,267:INFO:Epoch: 69/100 Loss: 3.157 Val_loss: 3.170 Val_acc: 71.79 %
2022-01-17 21:31:26,463:INFO:Epoch: 70/100 Loss: 3.158 Val_loss: 3.169 Val_acc: 71.93 %
2022-01-17 21:32:17,478:INFO:Epoch: 71/100 Loss: 3.158 Val_loss: 3.169 Val_acc: 72.00 %
2022-01-17 21:33:08,082:INFO:Epoch: 72/100 Loss: 3.158 Val_loss: 3.169 Val_acc: 71.89 %
2022-01-17 21:33:59,117:INFO:Epoch: 73/100 Loss: 3.157 Val_loss: 3.169 Val_acc: 71.91 %
2022-01-17 21:34:49,615:INFO:Epoch: 74/100 Loss: 3.157 Val_loss: 3.168 Val_acc: 71.98 %
2022-01-17 21:35:40,192:INFO:Epoch: 75/100 Loss: 3.157 Val_loss: 3.169 Val_acc: 71.88 %
2022-01-17 21:36:31,328:INFO:Epoch: 76/100 Loss: 3.157 Val_loss: 3.170 Val_acc: 71.88 %
2022-01-17 21:37:36,150:INFO:Epoch: 77/100 Loss: 3.157 Val_loss: 3.169 Val_acc: 71.97 %
2022-01-17 21:38:27,492:INFO:Epoch: 78/100 Loss: 3.157 Val_loss: 3.169 Val_acc: 71.98 %
2022-01-17 21:39:19,034:INFO:Epoch: 79/100 Loss: 3.157 Val_loss: 3.168 Val_acc: 72.02 %
2022-01-17 21:40:10,679:INFO:Epoch: 80/100 Loss: 3.157 Val_loss: 3.168 Val_acc: 72.06 %
2022-01-17 21:41:02,334:INFO:Epoch: 81/100 Loss: 3.157 Val_loss: 3.171 Val_acc: 71.71 %
2022-01-17 21:41:53,867:INFO:Epoch: 82/100 Loss: 3.156 Val_loss: 3.167 Val_acc: 72.14 %
2022-01-17 21:42:45,709:INFO:Epoch: 83/100 Loss: 3.156 Val_loss: 3.168 Val_acc: 72.00 %
2022-01-17 21:43:35,157:INFO:Epoch: 84/100 Loss: 3.156 Val_loss: 3.172 Val_acc: 71.65 %
2022-01-17 21:44:26,811:INFO:Epoch: 85/100 Loss: 3.156 Val_loss: 3.167 Val_acc: 72.18 %
2022-01-17 21:45:17,936:INFO:Epoch: 86/100 Loss: 3.156 Val_loss: 3.170 Val_acc: 71.87 %
2022-01-17 21:46:09,265:INFO:Epoch: 87/100 Loss: 3.156 Val_loss: 3.168 Val_acc: 72.01 %
2022-01-17 21:47:00,613:INFO:Epoch: 88/100 Loss: 3.156 Val_loss: 3.168 Val_acc: 72.03 %
2022-01-17 21:47:52,350:INFO:Epoch: 89/100 Loss: 3.156 Val_loss: 3.170 Val_acc: 71.78 %
2022-01-17 21:48:43,624:INFO:Epoch: 90/100 Loss: 3.155 Val_loss: 3.169 Val_acc: 71.98 %
2022-01-17 21:49:35,212:INFO:Epoch: 91/100 Loss: 3.155 Val_loss: 3.171 Val_acc: 71.79 %
2022-01-17 21:50:26,493:INFO:Epoch: 92/100 Loss: 3.155 Val_loss: 3.168 Val_acc: 72.04 %
2022-01-17 21:51:17,659:INFO:Epoch: 93/100 Loss: 3.155 Val_loss: 3.168 Val_acc: 72.03 %
2022-01-17 21:52:08,698:INFO:Epoch: 94/100 Loss: 3.156 Val_loss: 3.166 Val_acc: 72.20 %
2022-01-17 21:52:58,814:INFO:Epoch: 95/100 Loss: 3.155 Val_loss: 3.168 Val_acc: 72.06 %
2022-01-17 21:53:50,418:INFO:Epoch: 96/100 Loss: 3.155 Val_loss: 3.169 Val_acc: 71.99 %
2022-01-17 21:54:41,550:INFO:Epoch: 97/100 Loss: 3.155 Val_loss: 3.167 Val_acc: 72.10 %
2022-01-17 21:55:33,087:INFO:Epoch: 98/100 Loss: 3.155 Val_loss: 3.167 Val_acc: 72.15 %
2022-01-17 21:56:24,755:INFO:Epoch: 99/100 Loss: 3.155 Val_loss: 3.169 Val_acc: 71.95 %
2022-01-17 21:57:16,556:INFO:Epoch: 100/100 Loss: 3.155 Val_loss: 3.168 Val_acc: 72.12 %
2022-01-17 21:57:17,415:INFO:Training complete
2022-01-17 21:57:17,415:INFO:Saving model for inference
2022-01-17 21:57:17,417:INFO:Saving model for further training
2022-01-17 21:57:17,420:INFO:Normal termination
