2022-01-16 14:09:16,805:INFO:Training on GPU!
2022-01-16 14:09:16,805:INFO:Building transformer
2022-01-16 14:09:16,805:INFO:Building dataloaders
2022-01-16 14:09:16,850:INFO:Sending model to device
2022-01-16 14:09:17,827:INFO:Starting training
2022-01-16 14:09:55,941:INFO:Epoch: 1/30 Loss: 3.720 Val_loss: 3.584 Val_acc: 36.38 %
2022-01-16 14:10:34,437:INFO:Epoch: 2/30 Loss: 3.519 Val_loss: 3.459 Val_acc: 48.55 %
2022-01-16 14:11:12,931:INFO:Epoch: 3/30 Loss: 3.407 Val_loss: 3.358 Val_acc: 58.92 %
2022-01-16 14:11:51,414:INFO:Epoch: 4/30 Loss: 3.325 Val_loss: 3.300 Val_acc: 63.51 %
2022-01-16 14:12:29,927:INFO:Epoch: 5/30 Loss: 3.271 Val_loss: 3.251 Val_acc: 68.06 %
2022-01-16 14:13:08,107:INFO:Epoch: 6/30 Loss: 3.233 Val_loss: 3.221 Val_acc: 70.45 %
2022-01-16 14:13:46,392:INFO:Epoch: 7/30 Loss: 3.203 Val_loss: 3.193 Val_acc: 73.06 %
2022-01-16 14:14:24,930:INFO:Epoch: 8/30 Loss: 3.181 Val_loss: 3.176 Val_acc: 74.40 %
2022-01-16 14:15:03,254:INFO:Epoch: 9/30 Loss: 3.165 Val_loss: 3.163 Val_acc: 75.24 %
2022-01-16 14:15:41,789:INFO:Epoch: 10/30 Loss: 3.151 Val_loss: 3.149 Val_acc: 76.54 %
2022-01-16 14:16:20,466:INFO:Epoch: 11/30 Loss: 3.138 Val_loss: 3.137 Val_acc: 77.49 %
2022-01-16 14:16:59,050:INFO:Epoch: 12/30 Loss: 3.124 Val_loss: 3.125 Val_acc: 78.68 %
2022-01-16 14:17:37,664:INFO:Epoch: 13/30 Loss: 3.113 Val_loss: 3.117 Val_acc: 79.06 %
2022-01-16 14:18:16,277:INFO:Epoch: 14/30 Loss: 3.106 Val_loss: 3.111 Val_acc: 79.47 %
2022-01-16 14:18:54,857:INFO:Epoch: 15/30 Loss: 3.099 Val_loss: 3.106 Val_acc: 79.87 %
2022-01-16 14:19:32,655:INFO:Epoch: 16/30 Loss: 3.094 Val_loss: 3.101 Val_acc: 80.26 %
2022-01-16 14:20:10,414:INFO:Epoch: 17/30 Loss: 3.088 Val_loss: 3.095 Val_acc: 80.88 %
2022-01-16 14:20:48,526:INFO:Epoch: 18/30 Loss: 3.082 Val_loss: 3.091 Val_acc: 81.28 %
2022-01-16 14:21:26,763:INFO:Epoch: 19/30 Loss: 3.074 Val_loss: 3.081 Val_acc: 82.41 %
2022-01-16 14:22:04,959:INFO:Epoch: 20/30 Loss: 3.068 Val_loss: 3.078 Val_acc: 82.56 %
2022-01-16 14:22:43,231:INFO:Epoch: 21/30 Loss: 3.064 Val_loss: 3.075 Val_acc: 82.79 %
2022-01-16 14:23:21,492:INFO:Epoch: 22/30 Loss: 3.061 Val_loss: 3.071 Val_acc: 82.97 %
2022-01-16 14:23:59,718:INFO:Epoch: 23/30 Loss: 3.058 Val_loss: 3.070 Val_acc: 83.16 %
2022-01-16 14:24:37,757:INFO:Epoch: 24/30 Loss: 3.055 Val_loss: 3.067 Val_acc: 83.42 %
2022-01-16 14:25:15,467:INFO:Epoch: 25/30 Loss: 3.053 Val_loss: 3.066 Val_acc: 83.41 %
2022-01-16 14:25:53,170:INFO:Epoch: 26/30 Loss: 3.051 Val_loss: 3.063 Val_acc: 83.62 %
2022-01-16 14:26:30,855:INFO:Epoch: 27/30 Loss: 3.048 Val_loss: 3.062 Val_acc: 83.72 %
2022-01-16 14:27:08,545:INFO:Epoch: 28/30 Loss: 3.046 Val_loss: 3.060 Val_acc: 83.81 %
2022-01-16 14:27:46,126:INFO:Epoch: 29/30 Loss: 3.044 Val_loss: 3.058 Val_acc: 83.97 %
2022-01-16 14:28:23,667:INFO:Epoch: 30/30 Loss: 3.043 Val_loss: 3.057 Val_acc: 84.13 %
2022-01-16 14:28:24,480:INFO:Training complete
2022-01-16 14:28:24,480:INFO:Saving model for inference
2022-01-16 14:28:24,482:INFO:Saving model for further training
2022-01-16 14:28:24,485:INFO:Normal termination
