2022-01-17 10:28:03,170:INFO:Training on GPU!
2022-01-17 10:28:03,171:INFO:Building transformer
2022-01-17 10:28:03,171:INFO:Building dataloaders
2022-01-17 10:28:03,215:INFO:Sending model to device
2022-01-17 10:28:04,194:INFO:Starting training
2022-01-17 10:28:57,465:INFO:Epoch: 1/30 Loss: 3.792 Val_loss: 3.745 Val_acc: 15.57 %
2022-01-17 10:29:51,272:INFO:Epoch: 2/30 Loss: 3.705 Val_loss: 3.676 Val_acc: 22.43 %
2022-01-17 10:30:44,973:INFO:Epoch: 3/30 Loss: 3.640 Val_loss: 3.613 Val_acc: 29.09 %
2022-01-17 10:31:38,656:INFO:Epoch: 4/30 Loss: 3.588 Val_loss: 3.570 Val_acc: 33.47 %
2022-01-17 10:32:32,398:INFO:Epoch: 5/30 Loss: 3.537 Val_loss: 3.515 Val_acc: 38.93 %
2022-01-17 10:33:25,655:INFO:Epoch: 6/30 Loss: 3.492 Val_loss: 3.472 Val_acc: 43.48 %
2022-01-17 10:34:19,366:INFO:Epoch: 7/30 Loss: 3.457 Val_loss: 3.446 Val_acc: 46.08 %
2022-01-17 10:35:13,224:INFO:Epoch: 8/30 Loss: 3.424 Val_loss: 3.427 Val_acc: 47.88 %
2022-01-17 10:36:07,101:INFO:Epoch: 9/30 Loss: 3.401 Val_loss: 3.393 Val_acc: 51.28 %
2022-01-17 10:37:00,953:INFO:Epoch: 10/30 Loss: 3.377 Val_loss: 3.378 Val_acc: 52.48 %
2022-01-17 10:37:54,827:INFO:Epoch: 11/30 Loss: 3.362 Val_loss: 3.361 Val_acc: 54.35 %
2022-01-17 10:38:48,702:INFO:Epoch: 12/30 Loss: 3.349 Val_loss: 3.340 Val_acc: 55.95 %
2022-01-17 10:39:42,650:INFO:Epoch: 13/30 Loss: 3.340 Val_loss: 3.335 Val_acc: 56.46 %
2022-01-17 10:40:36,560:INFO:Epoch: 14/30 Loss: 3.330 Val_loss: 3.327 Val_acc: 57.12 %
2022-01-17 10:41:30,348:INFO:Epoch: 15/30 Loss: 3.322 Val_loss: 3.314 Val_acc: 58.68 %
2022-01-17 10:42:24,240:INFO:Epoch: 16/30 Loss: 3.314 Val_loss: 3.313 Val_acc: 58.49 %
2022-01-17 10:43:17,632:INFO:Epoch: 17/30 Loss: 3.307 Val_loss: 3.303 Val_acc: 59.38 %
2022-01-17 10:44:10,225:INFO:Epoch: 18/30 Loss: 3.301 Val_loss: 3.301 Val_acc: 59.57 %
2022-01-17 10:45:02,553:INFO:Epoch: 19/30 Loss: 3.296 Val_loss: 3.302 Val_acc: 59.32 %
2022-01-17 10:45:54,897:INFO:Epoch: 20/30 Loss: 3.291 Val_loss: 3.286 Val_acc: 61.28 %
2022-01-17 10:46:47,175:INFO:Epoch: 21/30 Loss: 3.284 Val_loss: 3.286 Val_acc: 60.99 %
2022-01-17 10:47:39,568:INFO:Epoch: 22/30 Loss: 3.279 Val_loss: 3.284 Val_acc: 61.09 %
2022-01-17 10:48:31,794:INFO:Epoch: 23/30 Loss: 3.275 Val_loss: 3.279 Val_acc: 61.66 %
2022-01-17 10:49:24,421:INFO:Epoch: 24/30 Loss: 3.271 Val_loss: 3.271 Val_acc: 62.48 %
2022-01-17 10:50:17,266:INFO:Epoch: 25/30 Loss: 3.269 Val_loss: 3.267 Val_acc: 62.86 %
2022-01-17 10:51:10,059:INFO:Epoch: 26/30 Loss: 3.265 Val_loss: 3.269 Val_acc: 62.58 %
2022-01-17 10:52:02,599:INFO:Epoch: 27/30 Loss: 3.264 Val_loss: 3.261 Val_acc: 63.38 %
2022-01-17 10:52:57,815:INFO:Epoch: 28/30 Loss: 3.261 Val_loss: 3.269 Val_acc: 62.68 %
2022-01-17 10:53:53,085:INFO:Epoch: 29/30 Loss: 3.260 Val_loss: 3.259 Val_acc: 63.47 %
2022-01-17 10:54:48,191:INFO:Epoch: 30/30 Loss: 3.251 Val_loss: 3.245 Val_acc: 64.88 %
2022-01-17 10:54:49,006:INFO:Training complete
2022-01-17 10:54:49,007:INFO:Saving model for inference
2022-01-17 10:54:49,009:INFO:Saving model for further training
2022-01-17 10:54:49,012:INFO:Normal termination
