2022-01-17 18:58:16,944:INFO:Training on GPU!
2022-01-17 18:58:16,944:INFO:Building transformer
2022-01-17 18:58:16,944:INFO:Building dataloaders
2022-01-17 18:58:16,990:INFO:Sending model to device
2022-01-17 18:58:17,961:INFO:Starting training
2022-01-17 18:59:08,297:INFO:Epoch: 1/100 Loss: 3.421 Val_loss: 3.360 Val_acc: 53.32 %
2022-01-17 18:59:58,455:INFO:Epoch: 2/100 Loss: 3.343 Val_loss: 3.331 Val_acc: 56.02 %
2022-01-17 19:00:48,576:INFO:Epoch: 3/100 Loss: 3.326 Val_loss: 3.323 Val_acc: 56.73 %
2022-01-17 19:01:38,133:INFO:Epoch: 4/100 Loss: 3.321 Val_loss: 3.315 Val_acc: 57.55 %
2022-01-17 19:02:27,902:INFO:Epoch: 5/100 Loss: 3.311 Val_loss: 3.313 Val_acc: 57.73 %
2022-01-17 19:03:18,180:INFO:Epoch: 6/100 Loss: 3.310 Val_loss: 3.308 Val_acc: 58.05 %
2022-01-17 19:04:07,521:INFO:Epoch: 7/100 Loss: 3.309 Val_loss: 3.312 Val_acc: 57.71 %
2022-01-17 19:04:57,005:INFO:Epoch: 8/100 Loss: 3.302 Val_loss: 3.305 Val_acc: 58.35 %
2022-01-17 19:05:46,444:INFO:Epoch: 9/100 Loss: 3.303 Val_loss: 3.305 Val_acc: 58.39 %
2022-01-17 19:06:35,495:INFO:Epoch: 10/100 Loss: 3.305 Val_loss: 3.311 Val_acc: 57.72 %
2022-01-17 19:07:25,223:INFO:Epoch: 11/100 Loss: 3.304 Val_loss: 3.296 Val_acc: 59.26 %
2022-01-17 19:08:14,223:INFO:Epoch: 12/100 Loss: 3.302 Val_loss: 3.305 Val_acc: 58.27 %
2022-01-17 19:09:03,325:INFO:Epoch: 13/100 Loss: 3.299 Val_loss: 3.297 Val_acc: 59.26 %
2022-01-17 19:09:53,025:INFO:Epoch: 14/100 Loss: 3.300 Val_loss: 3.311 Val_acc: 57.81 %
2022-01-17 19:10:42,484:INFO:Epoch: 15/100 Loss: 3.297 Val_loss: 3.300 Val_acc: 58.84 %
2022-01-17 19:11:31,767:INFO:Epoch: 16/100 Loss: 3.294 Val_loss: 3.293 Val_acc: 59.65 %
2022-01-17 19:12:20,534:INFO:Epoch: 17/100 Loss: 3.294 Val_loss: 3.295 Val_acc: 59.23 %
2022-01-17 19:13:09,097:INFO:Epoch: 18/100 Loss: 3.294 Val_loss: 3.293 Val_acc: 59.46 %
2022-01-17 19:13:58,760:INFO:Epoch: 19/100 Loss: 3.291 Val_loss: 3.289 Val_acc: 59.94 %
2022-01-17 19:14:48,436:INFO:Epoch: 20/100 Loss: 3.289 Val_loss: 3.283 Val_acc: 60.47 %
2022-01-17 19:15:37,951:INFO:Epoch: 21/100 Loss: 3.289 Val_loss: 3.290 Val_acc: 59.90 %
2022-01-17 19:16:27,594:INFO:Epoch: 22/100 Loss: 3.285 Val_loss: 3.287 Val_acc: 59.99 %
2022-01-17 19:17:16,416:INFO:Epoch: 23/100 Loss: 3.288 Val_loss: 3.287 Val_acc: 60.10 %
2022-01-17 19:18:05,243:INFO:Epoch: 24/100 Loss: 3.288 Val_loss: 3.289 Val_acc: 59.93 %
2022-01-17 19:18:53,822:INFO:Epoch: 25/100 Loss: 3.286 Val_loss: 3.283 Val_acc: 60.61 %
2022-01-17 19:19:43,004:INFO:Epoch: 26/100 Loss: 3.283 Val_loss: 3.297 Val_acc: 59.07 %
2022-01-17 19:20:32,548:INFO:Epoch: 27/100 Loss: 3.285 Val_loss: 3.291 Val_acc: 59.70 %
2022-01-17 19:21:21,871:INFO:Epoch: 28/100 Loss: 3.285 Val_loss: 3.289 Val_acc: 59.97 %
2022-01-17 19:22:11,425:INFO:Epoch: 29/100 Loss: 3.283 Val_loss: 3.288 Val_acc: 60.04 %
2022-01-17 19:23:01,350:INFO:Epoch: 30/100 Loss: 3.280 Val_loss: 3.279 Val_acc: 60.98 %
2022-01-17 19:23:50,960:INFO:Epoch: 31/100 Loss: 3.280 Val_loss: 3.296 Val_acc: 59.34 %
2022-01-17 19:24:39,577:INFO:Epoch: 32/100 Loss: 3.278 Val_loss: 3.277 Val_acc: 61.01 %
2022-01-17 19:25:28,724:INFO:Epoch: 33/100 Loss: 3.282 Val_loss: 3.282 Val_acc: 60.60 %
2022-01-17 19:26:18,435:INFO:Epoch: 34/100 Loss: 3.282 Val_loss: 3.286 Val_acc: 60.11 %
2022-01-17 19:27:07,985:INFO:Epoch: 35/100 Loss: 3.279 Val_loss: 3.283 Val_acc: 60.43 %
2022-01-17 19:27:57,161:INFO:Epoch: 36/100 Loss: 3.276 Val_loss: 3.286 Val_acc: 60.28 %
2022-01-17 19:28:46,792:INFO:Epoch: 37/100 Loss: 3.275 Val_loss: 3.285 Val_acc: 60.35 %
2022-01-17 19:29:36,512:INFO:Epoch: 38/100 Loss: 3.272 Val_loss: 3.278 Val_acc: 61.16 %
2022-01-17 19:30:26,222:INFO:Epoch: 39/100 Loss: 3.275 Val_loss: 3.272 Val_acc: 61.66 %
2022-01-17 19:31:15,930:INFO:Epoch: 40/100 Loss: 3.281 Val_loss: 3.285 Val_acc: 60.39 %
2022-01-17 19:32:05,684:INFO:Epoch: 41/100 Loss: 3.278 Val_loss: 3.288 Val_acc: 59.91 %
2022-01-17 19:32:55,239:INFO:Epoch: 42/100 Loss: 3.276 Val_loss: 3.277 Val_acc: 61.14 %
2022-01-17 19:33:44,803:INFO:Epoch: 43/100 Loss: 3.273 Val_loss: 3.285 Val_acc: 60.37 %
2022-01-17 19:34:33,505:INFO:Epoch: 44/100 Loss: 3.276 Val_loss: 3.292 Val_acc: 59.62 %
2022-01-17 19:35:22,120:INFO:Epoch: 45/100 Loss: 3.274 Val_loss: 3.277 Val_acc: 61.16 %
2022-01-17 19:36:10,838:INFO:Epoch: 46/100 Loss: 3.272 Val_loss: 3.279 Val_acc: 61.09 %
2022-01-17 19:37:00,483:INFO:Epoch: 47/100 Loss: 3.272 Val_loss: 3.271 Val_acc: 61.66 %
2022-01-17 19:37:50,031:INFO:Epoch: 48/100 Loss: 3.273 Val_loss: 3.277 Val_acc: 61.01 %
2022-01-17 19:38:39,684:INFO:Epoch: 49/100 Loss: 3.271 Val_loss: 3.271 Val_acc: 61.82 %
2022-01-17 19:39:29,464:INFO:Epoch: 50/100 Loss: 3.270 Val_loss: 3.278 Val_acc: 61.08 %
2022-01-17 19:40:19,182:INFO:Epoch: 51/100 Loss: 3.269 Val_loss: 3.280 Val_acc: 60.72 %
2022-01-17 19:41:08,713:INFO:Epoch: 52/100 Loss: 3.273 Val_loss: 3.272 Val_acc: 61.60 %
2022-01-17 19:41:58,324:INFO:Epoch: 53/100 Loss: 3.274 Val_loss: 3.271 Val_acc: 61.62 %
2022-01-17 19:42:46,920:INFO:Epoch: 54/100 Loss: 3.275 Val_loss: 3.277 Val_acc: 61.09 %
2022-01-17 19:43:36,459:INFO:Epoch: 55/100 Loss: 3.275 Val_loss: 3.273 Val_acc: 61.54 %
2022-01-17 19:44:26,007:INFO:Epoch: 56/100 Loss: 3.269 Val_loss: 3.273 Val_acc: 61.34 %
2022-01-17 19:45:15,762:INFO:Epoch: 57/100 Loss: 3.271 Val_loss: 3.273 Val_acc: 61.43 %
2022-01-17 19:46:04,390:INFO:Epoch: 58/100 Loss: 3.270 Val_loss: 3.275 Val_acc: 61.27 %
2022-01-17 19:46:54,056:INFO:Epoch: 59/100 Loss: 3.270 Val_loss: 3.270 Val_acc: 61.88 %
2022-01-17 19:47:43,857:INFO:Epoch: 60/100 Loss: 3.267 Val_loss: 3.269 Val_acc: 61.90 %
2022-01-17 19:48:33,296:INFO:Epoch: 61/100 Loss: 3.270 Val_loss: 3.271 Val_acc: 61.82 %
2022-01-17 19:49:22,587:INFO:Epoch: 62/100 Loss: 3.269 Val_loss: 3.274 Val_acc: 61.43 %
2022-01-17 19:50:10,629:INFO:Epoch: 63/100 Loss: 3.268 Val_loss: 3.266 Val_acc: 62.11 %
2022-01-17 19:50:58,531:INFO:Epoch: 64/100 Loss: 3.271 Val_loss: 3.269 Val_acc: 61.97 %
2022-01-17 19:51:46,310:INFO:Epoch: 65/100 Loss: 3.268 Val_loss: 3.273 Val_acc: 61.55 %
2022-01-17 19:52:34,033:INFO:Epoch: 66/100 Loss: 3.268 Val_loss: 3.264 Val_acc: 62.36 %
2022-01-17 19:53:21,807:INFO:Epoch: 67/100 Loss: 3.266 Val_loss: 3.272 Val_acc: 61.48 %
2022-01-17 19:54:09,573:INFO:Epoch: 68/100 Loss: 3.268 Val_loss: 3.268 Val_acc: 61.89 %
2022-01-17 19:54:57,324:INFO:Epoch: 69/100 Loss: 3.271 Val_loss: 3.273 Val_acc: 61.46 %
2022-01-17 19:55:45,098:INFO:Epoch: 70/100 Loss: 3.269 Val_loss: 3.272 Val_acc: 61.64 %
2022-01-17 19:56:32,961:INFO:Epoch: 71/100 Loss: 3.267 Val_loss: 3.261 Val_acc: 62.76 %
2022-01-17 19:57:20,875:INFO:Epoch: 72/100 Loss: 3.267 Val_loss: 3.275 Val_acc: 61.33 %
2022-01-17 19:58:08,757:INFO:Epoch: 73/100 Loss: 3.268 Val_loss: 3.273 Val_acc: 61.51 %
2022-01-17 19:58:56,655:INFO:Epoch: 74/100 Loss: 3.261 Val_loss: 3.267 Val_acc: 62.06 %
2022-01-17 19:59:44,015:INFO:Epoch: 75/100 Loss: 3.267 Val_loss: 3.266 Val_acc: 62.24 %
2022-01-17 20:00:31,391:INFO:Epoch: 76/100 Loss: 3.262 Val_loss: 3.265 Val_acc: 62.28 %
2022-01-17 20:01:19,288:INFO:Epoch: 77/100 Loss: 3.262 Val_loss: 3.264 Val_acc: 62.49 %
2022-01-17 20:02:07,224:INFO:Epoch: 78/100 Loss: 3.263 Val_loss: 3.266 Val_acc: 62.16 %
2022-01-17 20:02:55,146:INFO:Epoch: 79/100 Loss: 3.265 Val_loss: 3.266 Val_acc: 62.20 %
2022-01-17 20:03:43,126:INFO:Epoch: 80/100 Loss: 3.262 Val_loss: 3.272 Val_acc: 61.59 %
2022-01-17 20:04:31,087:INFO:Epoch: 81/100 Loss: 3.263 Val_loss: 3.266 Val_acc: 62.19 %
2022-01-17 20:05:19,068:INFO:Epoch: 82/100 Loss: 3.265 Val_loss: 3.271 Val_acc: 61.61 %
2022-01-17 20:06:06,981:INFO:Epoch: 83/100 Loss: 3.266 Val_loss: 3.269 Val_acc: 61.99 %
2022-01-17 20:06:54,764:INFO:Epoch: 84/100 Loss: 3.265 Val_loss: 3.265 Val_acc: 62.24 %
2022-01-17 20:07:42,095:INFO:Epoch: 85/100 Loss: 3.260 Val_loss: 3.264 Val_acc: 62.46 %
