2022-01-17 14:54:45,048:INFO:Training on GPU!
2022-01-17 14:54:45,048:INFO:Building transformer
2022-01-17 14:54:45,048:INFO:Building dataloaders
2022-01-17 14:54:45,094:INFO:Sending model to device
2022-01-17 14:54:46,068:INFO:Starting training
2022-01-17 14:55:39,636:INFO:Epoch: 1/100 Loss: 3.798 Val_loss: 3.757 Val_acc: 12.76 %
2022-01-17 14:56:32,626:INFO:Epoch: 2/100 Loss: 3.721 Val_loss: 3.694 Val_acc: 19.33 %
2022-01-17 14:57:25,543:INFO:Epoch: 3/100 Loss: 3.667 Val_loss: 3.644 Val_acc: 24.26 %
2022-01-17 14:58:18,263:INFO:Epoch: 4/100 Loss: 3.631 Val_loss: 3.620 Val_acc: 26.72 %
2022-01-17 14:59:10,835:INFO:Epoch: 5/100 Loss: 3.609 Val_loss: 3.597 Val_acc: 29.02 %
2022-01-17 15:00:03,986:INFO:Epoch: 6/100 Loss: 3.594 Val_loss: 3.587 Val_acc: 30.07 %
2022-01-17 15:00:56,991:INFO:Epoch: 7/100 Loss: 3.575 Val_loss: 3.566 Val_acc: 32.08 %
2022-01-17 15:01:50,073:INFO:Epoch: 8/100 Loss: 3.563 Val_loss: 3.560 Val_acc: 32.76 %
2022-01-17 15:02:42,665:INFO:Epoch: 9/100 Loss: 3.554 Val_loss: 3.543 Val_acc: 34.39 %
2022-01-17 15:03:35,072:INFO:Epoch: 10/100 Loss: 3.545 Val_loss: 3.541 Val_acc: 34.55 %
2022-01-17 15:04:36,456:INFO:Epoch: 11/100 Loss: 3.536 Val_loss: 3.533 Val_acc: 35.42 %
2022-01-17 15:05:29,086:INFO:Epoch: 12/100 Loss: 3.530 Val_loss: 3.533 Val_acc: 35.34 %
2022-01-17 15:06:21,528:INFO:Epoch: 13/100 Loss: 3.526 Val_loss: 3.519 Val_acc: 36.91 %
2022-01-17 15:07:14,137:INFO:Epoch: 14/100 Loss: 3.520 Val_loss: 3.519 Val_acc: 36.65 %
2022-01-17 15:08:06,628:INFO:Epoch: 15/100 Loss: 3.512 Val_loss: 3.507 Val_acc: 37.97 %
2022-01-17 15:08:59,163:INFO:Epoch: 16/100 Loss: 3.505 Val_loss: 3.512 Val_acc: 37.53 %
2022-01-17 15:09:51,763:INFO:Epoch: 17/100 Loss: 3.495 Val_loss: 3.499 Val_acc: 38.81 %
2022-01-17 15:10:44,361:INFO:Epoch: 18/100 Loss: 3.485 Val_loss: 3.497 Val_acc: 39.06 %
2022-01-17 15:11:36,319:INFO:Epoch: 19/100 Loss: 3.478 Val_loss: 3.471 Val_acc: 41.59 %
2022-01-17 15:12:28,309:INFO:Epoch: 20/100 Loss: 3.468 Val_loss: 3.472 Val_acc: 41.52 %
2022-01-17 15:13:20,372:INFO:Epoch: 21/100 Loss: 3.460 Val_loss: 3.461 Val_acc: 42.64 %
2022-01-17 15:14:12,415:INFO:Epoch: 22/100 Loss: 3.457 Val_loss: 3.462 Val_acc: 42.52 %
2022-01-17 15:15:05,126:INFO:Epoch: 23/100 Loss: 3.457 Val_loss: 3.456 Val_acc: 43.02 %
2022-01-17 15:15:57,797:INFO:Epoch: 24/100 Loss: 3.454 Val_loss: 3.459 Val_acc: 42.78 %
2022-01-17 15:16:50,323:INFO:Epoch: 25/100 Loss: 3.449 Val_loss: 3.447 Val_acc: 44.04 %
2022-01-17 15:17:42,876:INFO:Epoch: 26/100 Loss: 3.448 Val_loss: 3.459 Val_acc: 42.71 %
2022-01-17 15:18:35,400:INFO:Epoch: 27/100 Loss: 3.445 Val_loss: 3.446 Val_acc: 44.10 %
2022-01-17 15:19:27,883:INFO:Epoch: 28/100 Loss: 3.437 Val_loss: 3.443 Val_acc: 44.35 %
2022-01-17 15:20:20,460:INFO:Epoch: 29/100 Loss: 3.436 Val_loss: 3.437 Val_acc: 44.85 %
2022-01-17 15:21:13,102:INFO:Epoch: 30/100 Loss: 3.434 Val_loss: 3.435 Val_acc: 45.20 %
2022-01-17 15:22:05,815:INFO:Epoch: 31/100 Loss: 3.433 Val_loss: 3.429 Val_acc: 45.71 %
2022-01-17 15:22:58,473:INFO:Epoch: 32/100 Loss: 3.432 Val_loss: 3.434 Val_acc: 45.22 %
2022-01-17 15:23:51,055:INFO:Epoch: 33/100 Loss: 3.427 Val_loss: 3.436 Val_acc: 45.03 %
2022-01-17 15:24:43,669:INFO:Epoch: 34/100 Loss: 3.428 Val_loss: 3.429 Val_acc: 45.70 %
2022-01-17 15:25:36,118:INFO:Epoch: 35/100 Loss: 3.426 Val_loss: 3.429 Val_acc: 45.72 %
2022-01-17 15:26:28,736:INFO:Epoch: 36/100 Loss: 3.423 Val_loss: 3.419 Val_acc: 46.76 %
2022-01-17 15:27:21,389:INFO:Epoch: 37/100 Loss: 3.417 Val_loss: 3.418 Val_acc: 46.88 %
2022-01-17 15:28:13,975:INFO:Epoch: 38/100 Loss: 3.410 Val_loss: 3.406 Val_acc: 48.15 %
2022-01-17 15:29:06,591:INFO:Epoch: 39/100 Loss: 3.399 Val_loss: 3.404 Val_acc: 48.20 %
2022-01-17 15:29:59,158:INFO:Epoch: 40/100 Loss: 3.400 Val_loss: 3.396 Val_acc: 49.04 %
2022-01-17 15:30:51,492:INFO:Epoch: 41/100 Loss: 3.396 Val_loss: 3.397 Val_acc: 48.93 %
2022-01-17 15:31:44,061:INFO:Epoch: 42/100 Loss: 3.397 Val_loss: 3.410 Val_acc: 47.69 %
2022-01-17 15:32:36,718:INFO:Epoch: 43/100 Loss: 3.396 Val_loss: 3.400 Val_acc: 48.67 %
2022-01-17 15:33:29,307:INFO:Epoch: 44/100 Loss: 3.393 Val_loss: 3.390 Val_acc: 49.71 %
2022-01-17 15:34:21,825:INFO:Epoch: 45/100 Loss: 3.389 Val_loss: 3.393 Val_acc: 49.36 %
2022-01-17 15:35:13,798:INFO:Epoch: 46/100 Loss: 3.390 Val_loss: 3.392 Val_acc: 49.39 %
2022-01-17 15:36:05,731:INFO:Epoch: 47/100 Loss: 3.388 Val_loss: 3.395 Val_acc: 49.20 %
2022-01-17 15:36:58,215:INFO:Epoch: 48/100 Loss: 3.389 Val_loss: 3.393 Val_acc: 49.33 %
2022-01-17 15:37:50,647:INFO:Epoch: 49/100 Loss: 3.388 Val_loss: 3.387 Val_acc: 49.92 %
2022-01-17 15:38:43,200:INFO:Epoch: 50/100 Loss: 3.385 Val_loss: 3.383 Val_acc: 50.36 %
2022-01-17 15:39:35,692:INFO:Epoch: 51/100 Loss: 3.379 Val_loss: 3.379 Val_acc: 50.79 %
2022-01-17 15:40:27,754:INFO:Epoch: 52/100 Loss: 3.378 Val_loss: 3.375 Val_acc: 51.11 %
2022-01-17 15:41:19,862:INFO:Epoch: 53/100 Loss: 3.379 Val_loss: 3.382 Val_acc: 50.43 %
2022-01-17 15:42:12,444:INFO:Epoch: 54/100 Loss: 3.376 Val_loss: 3.382 Val_acc: 50.45 %
2022-01-17 15:43:04,954:INFO:Epoch: 55/100 Loss: 3.376 Val_loss: 3.373 Val_acc: 51.31 %
2022-01-17 15:43:57,512:INFO:Epoch: 56/100 Loss: 3.375 Val_loss: 3.374 Val_acc: 51.28 %
2022-01-17 15:44:49,986:INFO:Epoch: 57/100 Loss: 3.373 Val_loss: 3.373 Val_acc: 51.31 %
2022-01-17 15:45:42,015:INFO:Epoch: 58/100 Loss: 3.371 Val_loss: 3.373 Val_acc: 51.31 %
2022-01-17 15:46:34,132:INFO:Epoch: 59/100 Loss: 3.369 Val_loss: 3.369 Val_acc: 51.75 %
2022-01-17 15:47:26,207:INFO:Epoch: 60/100 Loss: 3.363 Val_loss: 3.363 Val_acc: 52.35 %
2022-01-17 15:48:18,296:INFO:Epoch: 61/100 Loss: 3.361 Val_loss: 3.375 Val_acc: 51.17 %
2022-01-17 15:49:10,291:INFO:Epoch: 62/100 Loss: 3.361 Val_loss: 3.359 Val_acc: 52.69 %
2022-01-17 15:50:02,685:INFO:Epoch: 63/100 Loss: 3.357 Val_loss: 3.370 Val_acc: 51.64 %
2022-01-17 15:50:54,780:INFO:Epoch: 64/100 Loss: 3.360 Val_loss: 3.365 Val_acc: 52.10 %
2022-01-17 15:51:46,908:INFO:Epoch: 65/100 Loss: 3.358 Val_loss: 3.366 Val_acc: 52.02 %
2022-01-17 15:52:39,290:INFO:Epoch: 66/100 Loss: 3.357 Val_loss: 3.361 Val_acc: 52.38 %
2022-01-17 15:53:31,728:INFO:Epoch: 67/100 Loss: 3.356 Val_loss: 3.359 Val_acc: 52.76 %
2022-01-17 15:54:24,191:INFO:Epoch: 68/100 Loss: 3.357 Val_loss: 3.362 Val_acc: 52.43 %
2022-01-17 15:55:16,592:INFO:Epoch: 69/100 Loss: 3.353 Val_loss: 3.368 Val_acc: 51.86 %
2022-01-17 15:56:09,168:INFO:Epoch: 70/100 Loss: 3.355 Val_loss: 3.365 Val_acc: 52.10 %
2022-01-17 15:57:01,735:INFO:Epoch: 71/100 Loss: 3.356 Val_loss: 3.355 Val_acc: 53.11 %
2022-01-17 15:57:53,845:INFO:Epoch: 72/100 Loss: 3.353 Val_loss: 3.354 Val_acc: 53.15 %
2022-01-17 15:58:46,242:INFO:Epoch: 73/100 Loss: 3.352 Val_loss: 3.352 Val_acc: 53.39 %
2022-01-17 15:59:38,356:INFO:Epoch: 74/100 Loss: 3.352 Val_loss: 3.356 Val_acc: 52.97 %
2022-01-17 16:00:30,508:INFO:Epoch: 75/100 Loss: 3.352 Val_loss: 3.352 Val_acc: 53.37 %
2022-01-17 16:01:23,536:INFO:Epoch: 76/100 Loss: 3.350 Val_loss: 3.354 Val_acc: 53.12 %
2022-01-17 16:02:16,056:INFO:Epoch: 77/100 Loss: 3.353 Val_loss: 3.357 Val_acc: 52.93 %
2022-01-17 16:03:08,445:INFO:Epoch: 78/100 Loss: 3.350 Val_loss: 3.346 Val_acc: 53.96 %
2022-01-17 16:04:00,776:INFO:Epoch: 79/100 Loss: 3.350 Val_loss: 3.356 Val_acc: 53.02 %
2022-01-17 16:04:53,399:INFO:Epoch: 80/100 Loss: 3.342 Val_loss: 3.339 Val_acc: 54.74 %
2022-01-17 16:05:46,112:INFO:Epoch: 81/100 Loss: 3.342 Val_loss: 3.349 Val_acc: 53.73 %
2022-01-17 16:06:38,722:INFO:Epoch: 82/100 Loss: 3.338 Val_loss: 3.343 Val_acc: 54.34 %
2022-01-17 16:07:31,273:INFO:Epoch: 83/100 Loss: 3.338 Val_loss: 3.348 Val_acc: 53.83 %
2022-01-17 16:08:23,655:INFO:Epoch: 84/100 Loss: 3.339 Val_loss: 3.346 Val_acc: 53.98 %
2022-01-17 16:09:16,128:INFO:Epoch: 85/100 Loss: 3.333 Val_loss: 3.333 Val_acc: 55.37 %
2022-01-17 16:10:08,526:INFO:Epoch: 86/100 Loss: 3.326 Val_loss: 3.343 Val_acc: 54.27 %
2022-01-17 16:11:01,076:INFO:Epoch: 87/100 Loss: 3.327 Val_loss: 3.324 Val_acc: 56.27 %
2022-01-17 16:11:53,760:INFO:Epoch: 88/100 Loss: 3.315 Val_loss: 3.316 Val_acc: 57.09 %
2022-01-17 16:12:46,371:INFO:Epoch: 89/100 Loss: 3.309 Val_loss: 3.318 Val_acc: 56.80 %
2022-01-17 16:13:38,934:INFO:Epoch: 90/100 Loss: 3.309 Val_loss: 3.313 Val_acc: 57.29 %
2022-01-17 16:14:31,452:INFO:Epoch: 91/100 Loss: 3.307 Val_loss: 3.309 Val_acc: 57.77 %
2022-01-17 16:15:23,928:INFO:Epoch: 92/100 Loss: 3.307 Val_loss: 3.306 Val_acc: 58.07 %
2022-01-17 16:16:16,388:INFO:Epoch: 93/100 Loss: 3.304 Val_loss: 3.318 Val_acc: 56.86 %
2022-01-17 16:17:08,876:INFO:Epoch: 94/100 Loss: 3.306 Val_loss: 3.312 Val_acc: 57.42 %
2022-01-17 16:18:01,227:INFO:Epoch: 95/100 Loss: 3.304 Val_loss: 3.309 Val_acc: 57.67 %
2022-01-17 16:18:53,675:INFO:Epoch: 96/100 Loss: 3.305 Val_loss: 3.303 Val_acc: 58.22 %
2022-01-17 16:19:46,214:INFO:Epoch: 97/100 Loss: 3.306 Val_loss: 3.307 Val_acc: 57.89 %
2022-01-17 16:20:38,415:INFO:Epoch: 98/100 Loss: 3.300 Val_loss: 3.306 Val_acc: 57.91 %
2022-01-17 16:21:30,325:INFO:Epoch: 99/100 Loss: 3.302 Val_loss: 3.298 Val_acc: 58.80 %
2022-01-17 16:22:22,835:INFO:Epoch: 100/100 Loss: 3.302 Val_loss: 3.305 Val_acc: 58.06 %
2022-01-17 16:22:23,666:INFO:Training complete
2022-01-17 16:22:23,666:INFO:Saving model for inference
2022-01-17 16:22:23,668:INFO:Saving model for further training
2022-01-17 16:22:23,671:INFO:Normal termination
