2022-01-16 13:42:32,248:INFO:Training on GPU!
2022-01-16 13:42:32,249:INFO:Building transformer
2022-01-16 13:42:32,249:INFO:Building dataloaders
2022-01-16 13:42:32,293:INFO:Sending model to device
2022-01-16 13:42:33,305:INFO:Starting training
2022-01-16 13:43:11,484:INFO:Epoch: 1/30 Loss: 3.370 Val_loss: 3.204 Val_acc: 70.36 %
2022-01-16 13:43:49,335:INFO:Epoch: 2/30 Loss: 3.165 Val_loss: 3.148 Val_acc: 75.05 %
2022-01-16 13:44:27,201:INFO:Epoch: 3/30 Loss: 3.124 Val_loss: 3.116 Val_acc: 78.04 %
2022-01-16 13:45:05,132:INFO:Epoch: 4/30 Loss: 3.101 Val_loss: 3.105 Val_acc: 78.91 %
2022-01-16 13:45:43,028:INFO:Epoch: 5/30 Loss: 3.089 Val_loss: 3.099 Val_acc: 79.35 %
2022-01-16 13:46:21,319:INFO:Epoch: 6/30 Loss: 3.083 Val_loss: 3.087 Val_acc: 80.46 %
2022-01-16 13:46:59,355:INFO:Epoch: 7/30 Loss: 3.072 Val_loss: 3.085 Val_acc: 80.66 %
2022-01-16 13:47:37,492:INFO:Epoch: 8/30 Loss: 3.067 Val_loss: 3.079 Val_acc: 81.13 %
2022-01-16 13:48:15,941:INFO:Epoch: 9/30 Loss: 3.063 Val_loss: 3.079 Val_acc: 81.10 %
2022-01-16 13:48:54,301:INFO:Epoch: 10/30 Loss: 3.055 Val_loss: 3.067 Val_acc: 82.35 %
2022-01-16 13:49:32,800:INFO:Epoch: 11/30 Loss: 3.050 Val_loss: 3.069 Val_acc: 82.16 %
2022-01-16 13:50:11,276:INFO:Epoch: 12/30 Loss: 3.047 Val_loss: 3.067 Val_acc: 82.22 %
2022-01-16 13:50:49,792:INFO:Epoch: 13/30 Loss: 3.046 Val_loss: 3.066 Val_acc: 82.34 %
2022-01-16 13:51:28,348:INFO:Epoch: 14/30 Loss: 3.040 Val_loss: 3.056 Val_acc: 83.30 %
2022-01-16 13:52:06,906:INFO:Epoch: 15/30 Loss: 3.027 Val_loss: 3.046 Val_acc: 84.43 %
2022-01-16 13:52:45,527:INFO:Epoch: 16/30 Loss: 3.020 Val_loss: 3.042 Val_acc: 84.73 %
2022-01-16 13:53:24,099:INFO:Epoch: 17/30 Loss: 3.017 Val_loss: 3.043 Val_acc: 84.74 %
2022-01-16 13:54:02,674:INFO:Epoch: 18/30 Loss: 3.015 Val_loss: 3.041 Val_acc: 84.84 %
2022-01-16 13:54:41,231:INFO:Epoch: 19/30 Loss: 3.013 Val_loss: 3.044 Val_acc: 84.60 %
2022-01-16 13:55:19,777:INFO:Epoch: 20/30 Loss: 3.012 Val_loss: 3.039 Val_acc: 85.04 %
2022-01-16 13:55:58,322:INFO:Epoch: 21/30 Loss: 3.010 Val_loss: 3.040 Val_acc: 84.81 %
2022-01-16 13:56:36,986:INFO:Epoch: 22/30 Loss: 3.008 Val_loss: 3.039 Val_acc: 85.03 %
2022-01-16 13:57:15,510:INFO:Epoch: 23/30 Loss: 3.007 Val_loss: 3.039 Val_acc: 84.96 %
2022-01-16 13:57:54,063:INFO:Epoch: 24/30 Loss: 3.005 Val_loss: 3.039 Val_acc: 84.96 %
2022-01-16 13:58:31,738:INFO:Epoch: 25/30 Loss: 3.005 Val_loss: 3.038 Val_acc: 84.97 %
2022-01-16 13:59:09,256:INFO:Epoch: 26/30 Loss: 3.003 Val_loss: 3.036 Val_acc: 85.27 %
2022-01-16 13:59:46,827:INFO:Epoch: 27/30 Loss: 3.003 Val_loss: 3.037 Val_acc: 85.10 %
2022-01-16 14:00:24,973:INFO:Epoch: 28/30 Loss: 3.001 Val_loss: 3.039 Val_acc: 84.97 %
2022-01-16 14:01:02,901:INFO:Epoch: 29/30 Loss: 2.999 Val_loss: 3.038 Val_acc: 85.13 %
2022-01-16 14:01:41,029:INFO:Epoch: 30/30 Loss: 2.999 Val_loss: 3.035 Val_acc: 85.33 %
2022-01-16 14:01:41,886:INFO:Training complete
2022-01-16 14:01:41,886:INFO:Saving model for inference
2022-01-16 14:01:41,889:INFO:Saving model for further training
2022-01-16 14:01:41,891:INFO:Normal termination
